1: 0 2: 1033 3: 1252 
=== Logging started: 1/25/2023  4:15:50 ===
Message type: 0, Argument: 1033
Message type: 1, Argument: Microsoft Visual C++ 2012 x64 Additional Runtime - 11.0.61030
Action 4:15:50: INSTALL. 
Action start 4:15:50: INSTALL.
1: 0 2: 1033 3: 1252 
1: 0 2: 1033 3: 1252 
=== Logging started: 1/25/2023  4:15:50 ===
Message type: 0, Argument: 1033
Message type: 1, Argument: Microsoft Visual C++ 2012 x64 Additional Runtime - 11.0.61030
Action 4:15:50: INSTALL. 
Action start 4:15:50: INSTALL.
1: Microsoft Visual C++ 2012 x64 Additional Runtime - 11.0.61030 2: {37B8F9C7-03FB-3253-8781-2517C99D7C00} 
Action 4:15:50: FindRelatedProducts. Searching for related applications
Action start 4:15:50: FindRelatedProducts.
Action ended 4:15:50: FindRelatedProducts. Return value 1.
Action 4:15:50: LaunchConditions. Evaluating launch conditions
Action start 4:15:50: LaunchConditions.
Action ended 4:15:50: LaunchConditions. Return value 1.
Action 4:15:50: AppSearch. Searching for installed applications
Action start 4:15:50: AppSearch.
Property: REDISTFOUNDVERLANG, Signature: DetectRedistVerLangSignature
Property: REDISTFOUNDVER, Signature: DetectRedistVerSignature
Property: JSHFOUNDVER, Signature: DetectJSHVerSignature
Property: OCMFOUNDVER, Signature: DetectOCMRedistVerSignature
Property: OCMFOUNDVERLANG, Signature: DetectOCMRedistVerLangSignature
Action ended 4:15:50: AppSearch. Return value 1.
Action 4:15:50: ValidateProductID. 
Action start 4:15:50: ValidateProductID.
Action ended 4:15:50: ValidateProductID. Return value 1.
Action 4:15:50: CA_AdminToolsFolder_amd64.3643236F_FC70_11D3_A536_0090278A1BB8. 
Action start 4:15:50: CA_AdminToolsFolder_amd64.3643236F_FC70_11D3_A536_0090278A1BB8.
Action ended 4:15:50: CA_AdminToolsFolder_amd64.3643236F_FC70_11D3_A536_0090278A1BB8. Return value 1.
Action 4:15:50: CA_AppDataFolder_amd64.3643236F_FC70_11D3_A536_0090278A1BB8. 
Action start 4:15:50: CA_AppDataFolder_amd64.3643236F_FC70_11D3_A536_0090278A1BB8.
Action ended 4:15:50: CA_AppDataFolder_amd64.3643236F_FC70_11D3_A536_0090278A1BB8. Return value 1.
Action 4:15:50: CA_CommonAppDataFolder_amd64.3643236F_FC70_11D3_A536_0090278A1BB8. 
Action start 4:15:50: CA_CommonAppDataFolder_amd64.3643236F_FC70_11D3_A536_0090278A1BB8.
Action ended 4:15:50: CA_CommonAppDataFolder_amd64.3643236F_FC70_11D3_A536_0090278A1BB8. Return value 1.
Action 4:15:50: CA_CommonFilesFolder_amd64.3643236F_FC70_11D3_A536_0090278A1BB8. 
Action start 4:15:50: CA_CommonFilesFolder_amd64.3643236F_FC70_11D3_A536_0090278A1BB8.
Action ended 4:15:50: CA_CommonFilesFolder_amd64.3643236F_FC70_11D3_A536_0090278A1BB8. Return value 1.
Action 4:15:50: CA_DesktopFolder_amd64.3643236F_FC70_11D3_A536_0090278A1BB8. 
Action start 4:15:50: CA_DesktopFolder_amd64.3643236F_FC70_11D3_A536_0090278A1BB8.
Action ended 4:15:50: CA_DesktopFolder_amd64.3643236F_FC70_11D3_A536_0090278A1BB8. Return value 1.
Action 4:15:50: CA_ProgramFilesFolder_amd64.3643236F_FC70_11D3_A536_0090278A1BB8. 
Action start 4:15:50: CA_ProgramFilesFolder_amd64.3643236F_FC70_11D3_A536_0090278A1BB8.
Action ended 4:15:50: CA_ProgramFilesFolder_amd64.3643236F_FC70_11D3_A536_0090278A1BB8. Return value 1.
Action 4:15:50: CA_ProgramFilesFolder2_amd64.3643236F_FC70_11D3_A536_0090278A1BB8. 
Action start 4:15:50: CA_ProgramFilesFolder2_amd64.3643236F_FC70_11D3_A536_0090278A1BB8.
Action ended 4:15:50: CA_ProgramFilesFolder2_amd64.3643236F_FC70_11D3_A536_0090278A1BB8. Return value 1.
Action 4:15:50: CA_ProgramMenuFolder_amd64.3643236F_FC70_11D3_A536_0090278A1BB8. 
Action start 4:15:50: CA_ProgramMenuFolder_amd64.3643236F_FC70_11D3_A536_0090278A1BB8.
Action ended 4:15:50: CA_ProgramMenuFolder_amd64.3643236F_FC70_11D3_A536_0090278A1BB8. Return value 1.
Action 4:15:50: CA_StartMenuFolder_amd64.3643236F_FC70_11D3_A536_0090278A1BB8. 
Action start 4:15:50: CA_StartMenuFolder_amd64.3643236F_FC70_11D3_A536_0090278A1BB8.
Action ended 4:15:50: CA_StartMenuFolder_amd64.3643236F_FC70_11D3_A536_0090278A1BB8. Return value 1.
Action 4:15:50: CA_System16Folder_amd64.3643236F_FC70_11D3_A536_0090278A1BB8. 
Action start 4:15:50: CA_System16Folder_amd64.3643236F_FC70_11D3_A536_0090278A1BB8.
Action ended 4:15:50: CA_System16Folder_amd64.3643236F_FC70_11D3_A536_0090278A1BB8. Return value 1.
Action 4:15:50: CA_System64Folder_amd64.3643236F_FC70_11D3_A536_0090278A1BB8. 
Action start 4:15:50: CA_System64Folder_amd64.3643236F_FC70_11D3_A536_0090278A1BB8.
Action ended 4:15:50: CA_System64Folder_amd64.3643236F_FC70_11D3_A536_0090278A1BB8. Return value 1.
Action 4:15:50: CA_System64Folder_amd64_VC. 
Action start 4:15:50: CA_System64Folder_amd64_VC.
Action ended 4:15:50: CA_System64Folder_amd64_VC. Return value 1.
Action 4:15:50: CA_SystemFolder_amd64.3643236F_FC70_11D3_A536_0090278A1BB8. 
Action start 4:15:50: CA_SystemFolder_amd64.3643236F_FC70_11D3_A536_0090278A1BB8.
Action ended 4:15:50: CA_SystemFolder_amd64.3643236F_FC70_11D3_A536_0090278A1BB8. Return value 1.
Action 4:15:50: CA_TempFolder_amd64.3643236F_FC70_11D3_A536_0090278A1BB8. 
Action start 4:15:50: CA_TempFolder_amd64.3643236F_FC70_11D3_A536_0090278A1BB8.
Action ended 4:15:50: CA_TempFolder_amd64.3643236F_FC70_11D3_A536_0090278A1BB8. Return value 1.
Action 4:15:50: CA_WindowsFolder_amd64.3643236F_FC70_11D3_A536_0090278A1BB8. 
Action start 4:15:50: CA_WindowsFolder_amd64.3643236F_FC70_11D3_A536_0090278A1BB8.
Action ended 4:15:50: CA_WindowsFolder_amd64.3643236F_FC70_11D3_A536_0090278A1BB8. Return value 1.
Action 4:15:50: CA_WindowsFolder_amd64_VC. 
Action start 4:15:50: CA_WindowsFolder_amd64_VC.
Action ended 4:15:50: CA_WindowsFolder_amd64_VC. Return value 1.
Action 4:15:50: CA_WindowsVolume_amd64.3643236F_FC70_11D3_A536_0090278A1BB8. 
Action start 4:15:50: CA_WindowsVolume_amd64.3643236F_FC70_11D3_A536_0090278A1BB8.
Action ended 4:15:50: CA_WindowsVolume_amd64.3643236F_FC70_11D3_A536_0090278A1BB8. Return value 1.
Action 4:15:50: CostInitialize. Computing space requirements
Action start 4:15:50: CostInitialize.
Action ended 4:15:50: CostInitialize. Return value 1.
Action 4:15:50: FileCost. Computing space requirements
Action start 4:15:50: FileCost.
Action ended 4:15:50: FileCost. Return value 1.
Action 4:15:50: CostFinalize. Computing space requirements
Action start 4:15:50: CostFinalize.
Action ended 4:15:51: CostFinalize. Return value 1.
Action 4:15:51: SetODBCFolders. Initializing ODBC directories
Action start 4:15:51: SetODBCFolders.
Action ended 4:15:51: SetODBCFolders. Return value 1.
Action 4:15:51: InstallValidate. Validating install
Action start 4:15:51: InstallValidate.
Action ended 4:15:51: InstallValidate. Return value 1.
Action 4:15:51: InstallInitialize. 
Action start 4:15:51: InstallInitialize.
Action ended 4:15:51: InstallInitialize. Return value 1.
Action 4:15:51: AllocateRegistrySpace. Allocating registry space
Action start 4:15:51: AllocateRegistrySpace.
Free space: 0
Action ended 4:15:51: AllocateRegistrySpace. Return value 1.
Action 4:15:51: ProcessComponents. Updating component registration
Action start 4:15:51: ProcessComponents.
Action ended 4:15:51: ProcessComponents. Return value 1.
Action 4:15:51: UnpublishComponents. Unpublishing Qualified Components
Action start 4:15:51: UnpublishComponents.
Action ended 4:15:51: UnpublishComponents. Return value 1.
Action 4:15:51: MsiUnpublishAssemblies. Unpublishing assembly information
Action start 4:15:51: MsiUnpublishAssemblies.
Action ended 4:15:51: MsiUnpublishAssemblies. Return value 1.
Action 4:15:51: UnpublishFeatures. Unpublishing Product Features
Action start 4:15:51: UnpublishFeatures.
Action ended 4:15:51: UnpublishFeatures. Return value 1.
Action 4:15:51: StopServices. Stopping services
Action start 4:15:51: StopServices.
Action ended 4:15:51: StopServices. Return value 1.
Action 4:15:51: DeleteServices. Deleting services
Action start 4:15:51: DeleteServices.
Action ended 4:15:51: DeleteServices. Return value 1.
Action 4:15:51: UnregisterComPlus. Unregistering COM+ Applications and Components
Action start 4:15:51: UnregisterComPlus.
Action ended 4:15:51: UnregisterComPlus. Return value 1.
Action 4:15:51: SelfUnregModules. Unregistering modules
Action start 4:15:51: SelfUnregModules.
Action ended 4:15:51: SelfUnregModules. Return value 1.
Action 4:15:51: UnregisterTypeLibraries. Unregistering type libraries
Action start 4:15:51: UnregisterTypeLibraries.
Action ended 4:15:51: UnregisterTypeLibraries. Return value 1.
Action 4:15:51: RemoveODBC. Removing ODBC components
Action start 4:15:51: RemoveODBC.
Action ended 4:15:51: RemoveODBC. Return value 1.
Action 4:15:51: UnregisterFonts. Unregistering fonts
Action start 4:15:51: UnregisterFonts.
Action ended 4:15:51: UnregisterFonts. Return value 1.
Action 4:15:51: RemoveRegistryValues. Removing system registry values
Action start 4:15:51: RemoveRegistryValues.
Action ended 4:15:51: RemoveRegistryValues. Return value 1.
Action 4:15:51: UnregisterClassInfo. Unregister Class servers
Action start 4:15:51: UnregisterClassInfo.
Action ended 4:15:51: UnregisterClassInfo. Return value 1.
Action 4:15:51: UnregisterMIMEInfo. Unregistering MIME info
Action start 4:15:51: UnregisterMIMEInfo.
Action ended 4:15:51: UnregisterMIMEInfo. Return value 1.
Action 4:15:51: RemoveIniValues. Removing INI files entries
Action start 4:15:51: RemoveIniValues.
Action ended 4:15:51: RemoveIniValues. Return value 1.
Action 4:15:51: RemoveShortcuts. Removing shortcuts
Action start 4:15:51: RemoveShortcuts.
Action ended 4:15:51: RemoveShortcuts. Return value 1.
Action 4:15:51: RemoveEnvironmentStrings. Updating environment strings
Action start 4:15:51: RemoveEnvironmentStrings.
Action ended 4:15:51: RemoveEnvironmentStrings. Return value 1.
Action 4:15:51: RemoveDuplicateFiles. Removing duplicated files
Action start 4:15:51: RemoveDuplicateFiles.
Action ended 4:15:51: RemoveDuplicateFiles. Return value 1.
Action 4:15:51: RemoveFiles. Removing files
Action start 4:15:51: RemoveFiles.
Action ended 4:15:51: RemoveFiles. Return value 1.
Action 4:15:51: RemoveFolders. Removing folders
Action start 4:15:51: RemoveFolders.
Action ended 4:15:51: RemoveFolders. Return value 1.
Action 4:15:51: CreateFolders. Creating folders
Action start 4:15:51: CreateFolders.
Action ended 4:15:51: CreateFolders. Return value 1.
Action 4:15:51: MoveFiles. Moving files
Action start 4:15:51: MoveFiles.
Action ended 4:15:51: MoveFiles. Return value 1.
Action 4:15:51: InstallFiles. Copying new files
Action start 4:15:51: InstallFiles.
Action ended 4:15:51: InstallFiles. Return value 1.
Action 4:15:51: DuplicateFiles. Creating duplicate files
Action start 4:15:51: DuplicateFiles.
Action ended 4:15:51: DuplicateFiles. Return value 1.
Action 4:15:51: BindImage. Binding executables
Action start 4:15:51: BindImage.
Action ended 4:15:51: BindImage. Return value 1.
Action 4:15:51: RegisterClassInfo. Registering Class servers
Action start 4:15:51: RegisterClassInfo.
Action ended 4:15:51: RegisterClassInfo. Return value 1.
Action 4:15:51: RegisterMIMEInfo. Registering MIME info
Action start 4:15:51: RegisterMIMEInfo.
Action ended 4:15:51: RegisterMIMEInfo. Return value 1.
Action 4:15:51: RegisterTypeLibraries. Registering type libraries
Action start 4:15:51: RegisterTypeLibraries.
Action ended 4:15:51: RegisterTypeLibraries. Return value 1.
Action 4:15:51: WriteRegistryValues. Writing system registry values
Action start 4:15:51: WriteRegistryValues.
Action ended 4:15:51: WriteRegistryValues. Return value 1.
Action 4:15:51: WriteIniValues. Writing INI files values
Action start 4:15:51: WriteIniValues.
Action ended 4:15:51: WriteIniValues. Return value 1.
Action 4:15:51: WriteEnvironmentStrings. Updating environment strings
Action start 4:15:51: WriteEnvironmentStrings.
Action ended 4:15:51: WriteEnvironmentStrings. Return value 1.
Action 4:15:51: RegisterFonts. Registering fonts
Action start 4:15:51: RegisterFonts.
Action ended 4:15:51: RegisterFonts. Return value 1.
Action 4:15:51: InstallODBC. Installing ODBC components
Action start 4:15:51: InstallODBC.
Action ended 4:15:51: InstallODBC. Return value 1.
Action 4:15:51: SelfRegModules. Registering modules
Action start 4:15:51: SelfRegModules.
Action ended 4:15:51: SelfRegModules. Return value 1.
Action 4:15:51: RegisterComPlus. Registering COM+ Applications and Components
Action start 4:15:51: RegisterComPlus.
Action ended 4:15:51: RegisterComPlus. Return value 1.
Action 4:15:51: InstallServices. Installing new services
Action start 4:15:51: InstallServices.
Action ended 4:15:51: InstallServices. Return value 1.
Action 4:15:51: StartServices. Starting services
Action start 4:15:51: StartServices.
Action ended 4:15:51: StartServices. Return value 1.
Action 4:15:51: RegisterUser. Registering user
Action start 4:15:51: RegisterUser.
Action ended 4:15:51: RegisterUser. Return value 1.
Action 4:15:51: RegisterProduct. Registering product
Action start 4:15:51: RegisterProduct.
Action ended 4:15:51: RegisterProduct. Return value 1.
Action 4:15:51: PublishComponents. Publishing Qualified Components
Action start 4:15:51: PublishComponents.
Action ended 4:15:51: PublishComponents. Return value 1.
Action 4:15:51: MsiPublishAssemblies. Publishing assembly information
Action start 4:15:51: MsiPublishAssemblies.
Action ended 4:15:51: MsiPublishAssemblies. Return value 1.
Action 4:15:51: PublishFeatures. Publishing Product Features
Action start 4:15:51: PublishFeatures.
Action ended 4:15:51: PublishFeatures. Return value 1.
Action 4:15:51: PublishProduct. Publishing product information
Action start 4:15:51: PublishProduct.
Action ended 4:15:51: PublishProduct. Return value 1.
Action 4:15:51: CreateShortcuts. Creating shortcuts
Action start 4:15:51: CreateShortcuts.
Action ended 4:15:51: CreateShortcuts. Return value 1.
Action 4:15:51: InstallFinalize. 
Action start 4:15:51: InstallFinalize.
Action 4:15:51: ProcessComponents. Updating component registration
Action start 4:15:51: ProcessComponents.
1: {37B8F9C7-03FB-3253-8781-2517C99D7C00} 2: {59E9A8F4-1E3F-343C-BBE3-5E820A02E1A9} 3: 02:\SOFTWARE\Microsoft\VisualStudio\11.0\VC\Runtimes\x64\Version 
1: {37B8F9C7-03FB-3253-8781-2517C99D7C00} 2: {CD56D7D8-CF63-43F7-871A-03F48BF0F793} 3: C:\windows\system32\mfc110.dll 
1: {37B8F9C7-03FB-3253-8781-2517C99D7C00} 2: {D01AB2CC-2322-4A90-933F-CF0B8171823F} 3: C:\windows\system32\mfc110u.dll 
1: {37B8F9C7-03FB-3253-8781-2517C99D7C00} 2: {E338D485-0764-4BCE-8B3D-D6696657A277} 3: C:\windows\system32\mfcm110.dll 
1: {37B8F9C7-03FB-3253-8781-2517C99D7C00} 2: {5F879371-4835-455A-B23F-5FBA46173534} 3: C:\windows\system32\mfcm110u.dll 
1: {37B8F9C7-03FB-3253-8781-2517C99D7C00} 2: {D5B103F9-D8D6-4990-9F41-0A7765E71EB4} 3: C:\windows\system32\mfc110cht.dll 
1: {37B8F9C7-03FB-3253-8781-2517C99D7C00} 2: {F95B7A72-35B2-4F52-A551-21C61C273140} 3: C:\windows\system32\mfc110chs.dll 
1: {37B8F9C7-03FB-3253-8781-2517C99D7C00} 2: {4396EDED-A47F-4E1F-A97D-D1E9F33DCF93} 3: C:\windows\system32\mfc110enu.dll 
1: {37B8F9C7-03FB-3253-8781-2517C99D7C00} 2: {0EE57C09-A444-4650-A76B-FB475B812FCA} 3: C:\windows\system32\mfc110deu.dll 
1: {37B8F9C7-03FB-3253-8781-2517C99D7C00} 2: {708F86AD-887E-4CBB-AF63-6FCA20D5FC2D} 3: C:\windows\system32\mfc110esn.dll 
1: {37B8F9C7-03FB-3253-8781-2517C99D7C00} 2: {8FCC39E7-279B-441F-818B-A4AEE213A5DD} 3: C:\windows\system32\mfc110fra.dll 
1: {37B8F9C7-03FB-3253-8781-2517C99D7C00} 2: {4ED0F5CB-329D-4C18-81B5-9DE76BFECCCF} 3: C:\windows\system32\mfc110ita.dll 
1: {37B8F9C7-03FB-3253-8781-2517C99D7C00} 2: {837CB343-6C3E-4B75-99E5-A0F4A4113959} 3: C:\windows\system32\mfc110jpn.dll 
1: {37B8F9C7-03FB-3253-8781-2517C99D7C00} 2: {B088A235-6E01-4EB4-8E61-1E47C4442C62} 3: C:\windows\system32\mfc110kor.dll 
1: {37B8F9C7-03FB-3253-8781-2517C99D7C00} 2: {EF99E324-4407-40A4-A7C8-79F234B8D48C} 3: C:\windows\system32\mfc110rus.dll 
1: {37B8F9C7-03FB-3253-8781-2517C99D7C00} 2: {811B352F-CBEB-4DED-81FF-F847ED41E682} 3: C:\windows\system32\vcamp110.dll 
1: {37B8F9C7-03FB-3253-8781-2517C99D7C00} 2: {17716075-1D7F-476B-B969-659920710637} 3: C:\windows\system32\vcomp110.dll 
1: {37B8F9C7-03FB-3253-8781-2517C99D7C00} 2: {7BC56473-0E05-37C8-9340-122E036EC760} 3: 02:\SOFTWARE\Microsoft\DevDiv\vc\Servicing\11.0\SP 
1: {37B8F9C7-03FB-3253-8781-2517C99D7C00} 2: {46E6F9C4-B1DC-3CC2-B9F7-BE4DE584EACC} 3: 02:\SOFTWARE\Microsoft\DevDiv\vc\Servicing\11.0\RuntimeAdditional\Install 
1: {37B8F9C7-03FB-3253-8781-2517C99D7C00} 2: {A056D123-E8F8-3E86-94DA-AC1A3B79B3EB} 3: -1:\Software\Classes\Installer\Dependencies\Microsoft.VS.VC_RuntimeAdditional_amd64,v11\Version 
1: {37B8F9C7-03FB-3253-8781-2517C99D7C00} 2: {3C447C6F-30DE-35CD-92AD-0EF7063F4847} 3: -1:\Software\Classes\Installer\Dependencies\Microsoft.VS.VC_RuntimeAdditionalVSU_amd64,v11\Version 
Action ended 4:15:51: ProcessComponents. Return value 1.
Action 4:15:51: UnpublishComponents. Unpublishing Qualified Components
Action start 4:15:51: UnpublishComponents.
Action ended 4:15:51: UnpublishComponents. Return value 1.
Action 4:15:51: MsiUnpublishAssemblies. Unpublishing assembly information
Action start 4:15:51: MsiUnpublishAssemblies.
Action ended 4:15:51: MsiUnpublishAssemblies. Return value 1.
Action 4:15:51: UnpublishFeatures. Unpublishing Product Features
Action start 4:15:51: UnpublishFeatures.
Action ended 4:15:51: UnpublishFeatures. Return value 1.
Action 4:15:51: StopServices. Stopping services
Action start 4:15:51: StopServices.
Action ended 4:15:51: StopServices. Return value 1.
Action 4:15:51: DeleteServices. Deleting services
Action start 4:15:51: DeleteServices.
Action ended 4:15:51: DeleteServices. Return value 1.
Action 4:15:51: SelfUnregModules. Unregistering modules
Action start 4:15:51: SelfUnregModules.
Action ended 4:15:51: SelfUnregModules. Return value 1.
Action 4:15:51: UnregisterTypeLibraries. Unregistering type libraries
Action start 4:15:51: UnregisterTypeLibraries.
Action ended 4:15:51: UnregisterTypeLibraries. Return value 1.
Action 4:15:51: RemoveODBC. Removing ODBC components
Action start 4:15:51: RemoveODBC.
Action ended 4:15:51: RemoveODBC. Return value 1.
Action 4:15:51: UnregisterFonts. Unregistering fonts
Action start 4:15:51: UnregisterFonts.
Action ended 4:15:51: UnregisterFonts. Return value 1.
Action 4:15:51: RemoveRegistryValues. Removing system registry values
Action start 4:15:51: RemoveRegistryValues.
Action ended 4:15:51: RemoveRegistryValues. Return value 1.
Action 4:15:51: UnregisterClassInfo. Unregister Class servers
Action start 4:15:51: UnregisterClassInfo.
Action ended 4:15:51: UnregisterClassInfo. Return value 1.
Action 4:15:51: UnregisterMIMEInfo. Unregistering MIME info
Action start 4:15:51: UnregisterMIMEInfo.
Action ended 4:15:51: UnregisterMIMEInfo. Return value 1.
Action 4:15:51: RemoveIniValues. Removing INI files entries
Action start 4:15:51: RemoveIniValues.
Action ended 4:15:51: RemoveIniValues. Return value 1.
Action 4:15:51: RemoveShortcuts. Removing shortcuts
Action start 4:15:51: RemoveShortcuts.
Action ended 4:15:51: RemoveShortcuts. Return value 1.
Action 4:15:51: RemoveEnvironmentStrings. Updating environment strings
Action start 4:15:51: RemoveEnvironmentStrings.
Action ended 4:15:51: RemoveEnvironmentStrings. Return value 1.
Action 4:15:51: RemoveDuplicateFiles. Removing duplicated files
Action start 4:15:51: RemoveDuplicateFiles.
Action ended 4:15:51: RemoveDuplicateFiles. Return value 1.
Action 4:15:51: RemoveFiles. Removing files
Action start 4:15:51: RemoveFiles.
File: mfc110.dll, Directory: System64Folder_amd64_VC
File: mfc110chs.dll, Directory: System64Folder_amd64_VC
File: mfc110cht.dll, Directory: System64Folder_amd64_VC
File: mfc110deu.dll, Directory: System64Folder_amd64_VC
File: mfc110enu.dll, Directory: System64Folder_amd64_VC
File: mfc110esn.dll, Directory: System64Folder_amd64_VC
File: mfc110fra.dll, Directory: System64Folder_amd64_VC
File: mfc110ita.dll, Directory: System64Folder_amd64_VC
File: mfc110jpn.dll, Directory: System64Folder_amd64_VC
File: mfc110kor.dll, Directory: System64Folder_amd64_VC
File: mfc110rus.dll, Directory: System64Folder_amd64_VC
File: mfc110u.dll, Directory: System64Folder_amd64_VC
File: mfcm110.dll, Directory: System64Folder_amd64_VC
File: mfcm110u.dll, Directory: System64Folder_amd64_VC
File: vcamp110.dll, Directory: System64Folder_amd64_VC
File: vcomp110.dll, Directory: System64Folder_amd64_VC
Action ended 4:15:51: RemoveFiles. Return value 1.
Action 4:15:51: RemoveFolders. Removing folders
Action start 4:15:51: RemoveFolders.
Action ended 4:15:51: RemoveFolders. Return value 1.
Action 4:15:51: CreateFolders. Creating folders
Action start 4:15:51: CreateFolders.
Action ended 4:15:51: CreateFolders. Return value 1.
Action 4:15:51: MoveFiles. Moving files
Action start 4:15:51: MoveFiles.
Action ended 4:15:51: MoveFiles. Return value 1.
Action 4:15:51: InstallFiles. Copying new files
Action start 4:15:51: InstallFiles.
File: mfc110.dll,  Directory: System64Folder_amd64_VC,  Size: 5592648
File: mfc110chs.dll,  Directory: System64Folder_amd64_VC,  Size: 46160
File: mfc110cht.dll,  Directory: System64Folder_amd64_VC,  Size: 46160
File: mfc110deu.dll,  Directory: System64Folder_amd64_VC,  Size: 74832
File: mfc110enu.dll,  Directory: System64Folder_amd64_VC,  Size: 65104
File: mfc110esn.dll,  Directory: System64Folder_amd64_VC,  Size: 73808
File: mfc110fra.dll,  Directory: System64Folder_amd64_VC,  Size: 74832
File: mfc110ita.dll,  Directory: System64Folder_amd64_VC,  Size: 72784
File: mfc110jpn.dll,  Directory: System64Folder_amd64_VC,  Size: 53840
File: mfc110kor.dll,  Directory: System64Folder_amd64_VC,  Size: 53328
File: mfc110rus.dll,  Directory: System64Folder_amd64_VC,  Size: 70736
File: mfc110u.dll,  Directory: System64Folder_amd64_VC,  Size: 5619784
File: mfcm110.dll,  Directory: System64Folder_amd64_VC,  Size: 90184
File: mfcm110u.dll,  Directory: System64Folder_amd64_VC,  Size: 90192
File: vcamp110.dll,  Directory: System64Folder_amd64_VC,  Size: 385488
File: vcomp110.dll,  Directory: System64Folder_amd64_VC,  Size: 138208
Action ended 4:15:52: InstallFiles. Return value 1.
Action 4:15:52: DuplicateFiles. Creating duplicate files
Action start 4:15:52: DuplicateFiles.
Action ended 4:15:52: DuplicateFiles. Return value 1.
Action 4:15:52: RegisterClassInfo. Registering Class servers
Action start 4:15:52: RegisterClassInfo.
Action ended 4:15:52: RegisterClassInfo. Return value 1.
Action 4:15:52: RegisterMIMEInfo. Registering MIME info
Action start 4:15:52: RegisterMIMEInfo.
Action ended 4:15:52: RegisterMIMEInfo. Return value 1.
Action 4:15:52: RegisterTypeLibraries. Registering type libraries
Action start 4:15:52: RegisterTypeLibraries.
Action ended 4:15:52: RegisterTypeLibraries. Return value 1.
Action 4:15:52: WriteRegistryValues. Writing system registry values
Action start 4:15:52: WriteRegistryValues.
Key: HKEY_LOCAL_MACHINE\SOFTWARE\Microsoft\VisualStudio\11.0\VC\Runtimes\x64, Name: Version, Value: v11.0.61030.00
Key: HKEY_LOCAL_MACHINE\SOFTWARE\Microsoft\DevDiv\vc\Servicing\11.0, Name: SP, Value: 
Key: HKEY_LOCAL_MACHINE\SOFTWARE\Microsoft\DevDiv\vc\Servicing\11.0\RuntimeAdditional, Name: Install, Value: 
Key: HKEY_LOCAL_MACHINE\Software\Classes\Installer\Dependencies\Microsoft.VS.VC_RuntimeAdditional_amd64,v11, Name: Version, Value: 11.0.61030
Key: HKEY_LOCAL_MACHINE\Software\Classes\Installer\Dependencies\Microsoft.VS.VC_RuntimeAdditionalVSU_amd64,v11, Name: Version, Value: 11.0.61030
Key: HKEY_LOCAL_MACHINE\SOFTWARE\Microsoft\VisualStudio\11.0\VC\Runtimes\x64, Name: Installed, Value: 
Key: HKEY_LOCAL_MACHINE\SOFTWARE\Microsoft\VisualStudio\11.0\VC\Runtimes\x64, Name: Major, Value: 
Key: HKEY_LOCAL_MACHINE\SOFTWARE\Microsoft\VisualStudio\11.0\VC\Runtimes\x64, Name: Minor, Value: 
Key: HKEY_LOCAL_MACHINE\SOFTWARE\Microsoft\VisualStudio\11.0\VC\Runtimes\x64, Name: Bld, Value: 
Key: HKEY_LOCAL_MACHINE\SOFTWARE\Microsoft\VisualStudio\11.0\VC\Runtimes\x64, Name: Rbld, Value: 
Key: HKEY_LOCAL_MACHINE\SOFTWARE\Microsoft\DevDiv\vc\Servicing\11.0, Name: SPIndex, Value: 
Key: HKEY_LOCAL_MACHINE\SOFTWARE\Microsoft\DevDiv\vc\Servicing\11.0\RuntimeAdditional, Name: InstallerType, Value: MSI
Key: HKEY_LOCAL_MACHINE\SOFTWARE\Microsoft\DevDiv\vc\Servicing\11.0\RuntimeAdditional, Name: SP, Value: 
Key: HKEY_LOCAL_MACHINE\SOFTWARE\Microsoft\DevDiv\vc\Servicing\11.0\RuntimeAdditional, Name: SPIndex, Value: 
Key: HKEY_LOCAL_MACHINE\SOFTWARE\Microsoft\DevDiv\vc\Servicing\11.0\RuntimeAdditional, Name: SPName, Value: RTM
Key: HKEY_LOCAL_MACHINE\SOFTWARE\Microsoft\DevDiv\vc\Servicing\11.0\RuntimeAdditional, Name: Version, Value: 11.0.61030
Key: HKEY_LOCAL_MACHINE\SOFTWARE\Microsoft\DevDiv\vc\Servicing\11.0\RuntimeAdditional, Name: UpdateVersion, Value: 11.0.61030
Key: HKEY_LOCAL_MACHINE\Software\Classes\Installer\Dependencies\Microsoft.VS.VC_RuntimeAdditional_amd64,v11, Name: , Value: {37B8F9C7-03FB-3253-8781-2517C99D7C00}
Key: HKEY_LOCAL_MACHINE\Software\Classes\Installer\Dependencies\Microsoft.VS.VC_RuntimeAdditional_amd64,v11, Name: DisplayName, Value: Microsoft Visual C++ 2012 x64 Additional Runtime - 11.0.61030
Key: HKEY_LOCAL_MACHINE\Software\Classes\Installer\Dependencies\Microsoft.VS.VC_RuntimeAdditionalVSU_amd64,v11, Name: , Value: {37B8F9C7-03FB-3253-8781-2517C99D7C00}
Key: HKEY_LOCAL_MACHINE\Software\Classes\Installer\Dependencies\Microsoft.VS.VC_RuntimeAdditionalVSU_amd64,v11, Name: DisplayName, Value: Microsoft Visual C++ 2012 x64 Additional Runtime - 11.0.61030
Action ended 4:15:52: WriteRegistryValues. Return value 1.
Action 4:15:52: WriteIniValues. Writing INI files values
Action start 4:15:52: WriteIniValues.
Action ended 4:15:52: WriteIniValues. Return value 1.
Action 4:15:52: WriteEnvironmentStrings. Updating environment strings
Action start 4:15:52: WriteEnvironmentStrings.
Action ended 4:15:52: WriteEnvironmentStrings. Return value 1.
Action 4:15:52: RegisterFonts. Registering fonts
Action start 4:15:52: RegisterFonts.
Action ended 4:15:52: RegisterFonts. Return value 1.
Action 4:15:52: InstallODBC. Installing ODBC components
Action start 4:15:52: InstallODBC.
Action ended 4:15:52: InstallODBC. Return value 1.
Action 4:15:52: SelfRegModules. Registering modules
Action start 4:15:52: SelfRegModules.
Action ended 4:15:52: SelfRegModules. Return value 1.
Action 4:15:52: InstallServices. Installing new services
Action start 4:15:52: InstallServices.
Action ended 4:15:52: InstallServices. Return value 1.
Action 4:15:52: StartServices. Starting services
Action start 4:15:52: StartServices.
Action ended 4:15:52: StartServices. Return value 1.
Action 4:15:52: RegisterUser. Registering user
Action start 4:15:52: RegisterUser.
1:  
Action ended 4:15:52: RegisterUser. Return value 1.
Action 4:15:52: RegisterProduct. Registering product
Action start 4:15:52: RegisterProduct.
1: {37B8F9C7-03FB-3253-8781-2517C99D7C00} 
Action ended 4:15:52: RegisterProduct. Return value 1.
Action 4:15:52: PublishComponents. Publishing Qualified Components
Action start 4:15:52: PublishComponents.
Action ended 4:15:52: PublishComponents. Return value 1.
Action 4:15:52: MsiPublishAssemblies. Publishing assembly information
Action start 4:15:52: MsiPublishAssemblies.
Action ended 4:15:52: MsiPublishAssemblies. Return value 1.
Action 4:15:52: PublishFeatures. Publishing Product Features
Action start 4:15:52: PublishFeatures.
Feature: VC_Runtime_Additional
Feature: Provider
Feature: Servicing_Key
Action ended 4:15:52: PublishFeatures. Return value 1.
Action 4:15:52: PublishProduct. Publishing product information
Action start 4:15:52: PublishProduct.
1: {37B8F9C7-03FB-3253-8781-2517C99D7C00} 
Action ended 4:15:52: PublishProduct. Return value 1.
Action 4:15:52: CreateShortcuts. Creating shortcuts
Action start 4:15:52: CreateShortcuts.
Action ended 4:15:52: CreateShortcuts. Return value 1.
Action ended 4:15:52: InstallFinalize. Return value 1.
Action 4:15:52: RemoveExistingProducts. Removing applications
Action start 4:15:52: RemoveExistingProducts.
Action ended 4:15:52: RemoveExistingProducts. Return value 1.
Action ended 4:15:52: INSTALL. Return value 1.
1: Microsoft Visual C++ 2012 x64 Additional Runtime - 11.0.61030 2: {37B8F9C7-03FB-3253-8781-2517C99D7C00} 3: 1 
Property(S): DiskPrompt = 
Property(S): UpgradeCode = {EB5C4C60-0A72-3FEC-BD26-D8F457322614}
Property(S): REDISTFOUNDVERLANG = #1
Property(S): REDISTFOUNDVER = #1
Property(S): TARGETDIR = C:\
Property(S): System64Folder_amd64_VC = C:\windows\system32\
Property(S): ProgramFilesFolder2_amd64.3643236F_FC70_11D3_A536_0090278A1BB8 = C:\Program Files\
Property(S): ProgramFilesFolder_amd64.3643236F_FC70_11D3_A536_0090278A1BB8 = C:\Program Files\
Property(S): CommonFilesFolder_amd64.3643236F_FC70_11D3_A536_0090278A1BB8 = C:\Program Files\Common Files\
Property(S): WindowsVolume_amd64.3643236F_FC70_11D3_A536_0090278A1BB8 = C:\
Property(S): WindowsFolder_amd64.3643236F_FC70_11D3_A536_0090278A1BB8 = C:\windows\
Property(S): SystemFolder_amd64.3643236F_FC70_11D3_A536_0090278A1BB8 = C:\windows\system32\
Property(S): System16Folder_amd64.3643236F_FC70_11D3_A536_0090278A1BB8 = C:\windows\system32\
Property(S): TempFolder_amd64.3643236F_FC70_11D3_A536_0090278A1BB8 = C:\users\gameplayer\Temp\
Property(S): StartMenuFolder_amd64.3643236F_FC70_11D3_A536_0090278A1BB8 = C:\users\gameplayer\AppData\Roaming\Microsoft\Windows\Start Menu\
Property(S): ProgramMenuFolder_amd64.3643236F_FC70_11D3_A536_0090278A1BB8 = C:\users\gameplayer\AppData\Roaming\Microsoft\Windows\Start Menu\Programs\
Property(S): CommonAppDataFolder_amd64.3643236F_FC70_11D3_A536_0090278A1BB8 = C:\ProgramData\
Property(S): AppDataFolder_amd64.3643236F_FC70_11D3_A536_0090278A1BB8 = C:\users\gameplayer\AppData\Roaming\
Property(S): DesktopFolder_amd64.3643236F_FC70_11D3_A536_0090278A1BB8 = C:\users\gameplayer\Desktop\
Property(S): AdminToolsFolder_amd64.3643236F_FC70_11D3_A536_0090278A1BB8 = C:\users\gameplayer\AppData\Roaming\Microsoft\Windows\Start Menu\Programs\Administrative Tools\
Property(S): System64Folder_amd64.3643236F_FC70_11D3_A536_0090278A1BB8 = C:\windows\system32\
Property(S): WindowsFolder_amd64_VC = C:\windows\
Property(S): SourceDir = C:\ProgramData\Package Cache\{37B8F9C7-03FB-3253-8781-2517C99D7C00}v11.0.61030\packages\vcRuntimeAdditional_amd64\
Property(S): VersionNT = 603
Property(S): ALLUSERS = 1
Property(S): ARPHELPLINK = http://go.microsoft.com/fwlink/?LinkId=133405
Property(S): ARPNOMODIFY = 1
Property(S): ARPURLUpdateInfo = http://go.microsoft.com/fwlink/?LinkId=133408
Property(S): ARPCOMMENTS = Caution. Removing this product might prevent some applications from running.
Property(S): comspec_cmd = %comspec%
Property(S): DDPatch = 0
Property(S): FeatureID = 1
Property(S): FILESINUSETEXT = The following applications should be closed before continuing the install:
Property(S): FXAssemblyVersion = 4.0.0.0
Property(S): FXAssemblyVersion35 = 3.5.0.0
Property(S): INSTALLLEVEL = 2
Property(S): LIMITUI = 1
Property(S): NullGUID = {00000000-0000-0000-0000-000000000000}
Property(S): PIDRegEntryName = ProductID
Property(S): PIDUserNameRegKey = SOFTWARE\Microsoft\VisualStudio\7.0\Registration
Property(S): PIDUserNameRegRoot = HKEY_LOCAL_MACHINE
Property(S): PrimaryDir = VS7.3643236F_FC70_11D3_A536_0090278A1BB8
Property(S): REBOOT = ReallySuppress
Property(S): REPAIR_REINSTALLMODE = pecmsu
Property(S): ReserveAdditionalCostVS7UI = 8388608
Property(S): RunCount = 49
Property(S): UpdateProp1 = 0
Property(S): UpdateProp2 = 0
Property(S): UpdateProp3 = 0
Property(S): UpdateProp4 = 0
Property(S): UpdateProp5 = 0
Property(S): UserNameRegEntryName = UserName
Property(S): ARPSYSTEMCOMPONENT = 1
Property(S): BuildType = ret
Property(S): URTVersion = v4.0.30319
Property(S): LocProductName = Microsoft Visual C++ 2012 x64 Runtime
Property(S): ProductCPU = amd64
Property(S): ProductEdition = Runtime
Property(S): ProductFamily = VC
Property(S): ProductImage = net
Property(S): RTM_ProductVersion = 11.0.61030
Property(S): ProductVersionHigh = 720896
Property(S): ProductVersionLow = 1999110144
Property(S): MsiLogging = voicewarmup
Property(S): Manufacturer = Microsoft Corporation
Property(S): ProductCode = {37B8F9C7-03FB-3253-8781-2517C99D7C00}
Property(S): ProductLanguage = 1033
Property(S): ProductName = Microsoft Visual C++ 2012 x64 Additional Runtime - 11.0.61030
Property(S): ProductVersion = 11.0.61030
Property(S): DirectoryTable100_amd64 = DirectoryTable
Property(S): SecureCustomProperties = IE501FOUND.3643236F_FC70_11D3_A536_0090278A1BB8;IGNOREDEPENDENCIES;INSTALLBLOCKFOUND.3643236F_FC70_11D3_A536_0090278A1BB8;JSHFOUNDVER;NEWERVCRUNTIMEVERSIONDETECTED;OCMFOUNDVER;OCMFOUNDVERLANG;REDISTFOUNDVER;REDISTFOUNDVERLANG;UNINSTALLBLOCKFOUND.3643236F_FC70_11D3_A536_0090278A1BB8;UPGRADEVCRUNTIME
Property(S): WixPdbPath = f:\ddSetup\SD\3\wix\outs\amd64ret\enu\cooked\vc_RuntimeAdditional_net.wixpdb
Property(S): AdminUser = 1
Property(S): Privileged = 1
Property(S): MsiRunningElevated = 1
Property(S): CommonAppDataFolder = C:\ProgramData\
Property(S): FavoritesFolder = C:\users\gameplayer\Favorites\
Property(S): FontsFolder = C:\windows\Fonts\
Property(S): SendToFolder = C:\users\gameplayer\AppData\Roaming\Microsoft\Windows\SendTo\
Property(S): StartMenuFolder = C:\users\gameplayer\AppData\Roaming\Microsoft\Windows\Start Menu\
Property(S): StartupFolder = C:\users\gameplayer\AppData\Roaming\Microsoft\Windows\Start Menu\Programs\StartUp\
Property(S): TemplateFolder = C:\users\gameplayer\AppData\Roaming\Microsoft\Windows\Templates\
Property(S): DesktopFolder = C:\users\gameplayer\Desktop\
Property(S): ProgramMenuFolder = C:\users\gameplayer\AppData\Roaming\Microsoft\Windows\Start Menu\Programs\
Property(S): AdminToolsFolder = C:\users\gameplayer\AppData\Roaming\Microsoft\Windows\Start Menu\Programs\Administrative Tools\
Property(S): AppDataFolder = C:\users\gameplayer\AppData\Roaming\
Property(S): SystemFolder = C:\windows\syswow64\
Property(S): System16Folder = C:\windows\system32\
Property(S): LocalAppDataFolder = C:\users\gameplayer\AppData\Local\
Property(S): MyPicturesFolder = C:\users\gameplayer\Pictures\
Property(S): PersonalFolder = C:\users\gameplayer\Documents\
Property(S): WindowsFolder = C:\windows\
Property(S): PrintHoodFolder = C:\users\gameplayer\AppData\Roaming\Microsoft\Windows\Printer Shortcuts\
Property(S): NetHoodFolder = C:\users\gameplayer\AppData\Roaming\Microsoft\Windows\Network Shortcuts\
Property(S): RecentFolder = C:\users\gameplayer\AppData\Roaming\Microsoft\Windows\Recent\
Property(S): PhysicalMemory = 3771
Property(S): WindowsVolume = C:\
Property(S): TempFolder = C:\users\gameplayer\Temp\
Property(S): MsiNTProductType = 1
Property(S): WindowsBuild = 9600
Property(S): ServicePackLevel = 0
Property(S): VersionMsi = 4.5
Property(S): VersionDatabase = 400
Property(S): Intel = 6
Property(S): MsiAMD64 = 6
Property(S): Msix64 = 6
Property(S): VersionNT64 = 603
Property(S): System64Folder = C:\windows\system32\
Property(S): ProgramFiles64Folder = C:\Program Files\
Property(S): ProgramFilesFolder = C:\Program Files (x86)\
Property(S): CommonFiles64Folder = C:\Program Files\Common Files\
Property(S): CommonFilesFolder = C:\Program Files (x86)\Common Files\
Property(S): ScreenX = 1366
Property(S): ScreenY = 768
Property(S): ColorBits = 32
Property(S): UserSID = S-1-5-21-0-0-0-1000
Property(S): MsiNetAssemblySupport = 2.0.50727.4016
Property(S): UserLanguageID = 1033
Property(S): SystemLanguageID = 1033
Property(S): ProductState = -1
Property(S): LogonUser = gameplayer
Property(S): ComputerName = JAKUB
Property(S): UILevel = 2
Property(S): PackageCode = {DD6B6D0F-6159-4613-9EEC-504FD63398BC}
Property(S): DATABASE = C:\windows\Installer\77c2.msi
Property(S): OriginalDatabase = C:\ProgramData\Package Cache\{37B8F9C7-03FB-3253-8781-2517C99D7C00}v11.0.61030\packages\vcRuntimeAdditional_amd64\vc_runtimeAdditional_x64.msi
Property(S): SOURCEDIR = C:\ProgramData\Package Cache\{37B8F9C7-03FB-3253-8781-2517C99D7C00}v11.0.61030\packages\vcRuntimeAdditional_amd64\
Property(S): MSIFASTINSTALL = 7
Property(S): NOVSUI = 1
Property(S): ACTION = INSTALL
Property(S): EXECUTEACTION = INSTALL
Property(S): CostingComplete = 1
Property(S): ROOTDRIVE = C:\
Property(S): OutOfDiskSpace = 0
Property(S): OutOfNoRbDiskSpace = 0
1: 2 2: 0 
1: 2 2: 1 
Action ended 4:15:52: INSTALL. Return value 1.
