[025C:0260][2023-01-25T16:16:04]i001: Burn v3.7.2829.0, Windows v6.3 (Build 9600: Service Pack 0), path: Z:\home\gameplayer\Adobe\photoshop-22-linux\scripts\installation_files\redist\2013\vcredist_x64.exe, cmdline: '/install /quiet /norestart -burn.unelevated BurnPipe.{0EE789CF-3D33-4A5C-8ADA-31F43A2DF5D1} {2EE59852-BBCD-4D03-AD10-D756122523AE} 560'
[025C:0260][2023-01-25T16:16:04]i000: Setting string variable 'WixBundleLog' to value 'C:\users\gameplayer\Temp\dd_vcredist_amd64_20230125161604.log'
[025C:0260][2023-01-25T16:16:04]i000: Setting string variable 'WixBundleOriginalSource' to value 'Z:\home\gameplayer\Adobe\photoshop-22-linux\scripts\installation_files\redist\2013\vcredist_x64.exe'
[025C:0260][2023-01-25T16:16:05]i000: Setting string variable 'WixBundleName' to value 'Microsoft Visual C++ 2013 Redistributable (x64) - 12.0.30501'
[025C:0260][2023-01-25T16:16:05]i100: Detect begin, 2 packages
[025C:0260][2023-01-25T16:16:05]i102: Detected related bundle: {f65db027-aff3-4070-886a-0d87064aabb1}, type: Upgrade, scope: PerMachine, version: 12.0.30501.0, operation: None
[025C:0260][2023-01-25T16:16:05]i101: Detected package: vcRuntimeMinimum_x64, state: Absent, cached: None
[025C:0260][2023-01-25T16:16:05]i101: Detected package: vcRuntimeAdditional_x64, state: Absent, cached: None
[025C:0260][2023-01-25T16:16:05]i052: Condition 'VersionNT64 >= v6.0 OR (VersionNT64 = v5.2 AND ServicePackLevel >= 1)' evaluates to true.
[025C:0260][2023-01-25T16:16:05]i199: Detect complete, result: 0x0
[025C:0260][2023-01-25T16:16:05]i200: Plan begin, 2 packages, action: Install
[025C:0260][2023-01-25T16:16:05]i052: Condition 'VersionNT64' evaluates to true.
[025C:0260][2023-01-25T16:16:05]i000: Setting string variable 'WixBundleRollbackLog_vcRuntimeMinimum_x64' to value 'C:\users\gameplayer\Temp\dd_vcredist_amd64_20230125161604_0_vcRuntimeMinimum_x64_rollback.log'
[025C:0260][2023-01-25T16:16:05]i000: Setting string variable 'WixBundleLog_vcRuntimeMinimum_x64' to value 'C:\users\gameplayer\Temp\dd_vcredist_amd64_20230125161604_0_vcRuntimeMinimum_x64.log'
[025C:0260][2023-01-25T16:16:05]i052: Condition 'VersionNT64' evaluates to true.
[025C:0260][2023-01-25T16:16:05]i000: Setting string variable 'WixBundleRollbackLog_vcRuntimeAdditional_x64' to value 'C:\users\gameplayer\Temp\dd_vcredist_amd64_20230125161604_1_vcRuntimeAdditional_x64_rollback.log'
[025C:0260][2023-01-25T16:16:05]i000: Setting string variable 'WixBundleLog_vcRuntimeAdditional_x64' to value 'C:\users\gameplayer\Temp\dd_vcredist_amd64_20230125161604_1_vcRuntimeAdditional_x64.log'
[025C:0260][2023-01-25T16:16:05]i201: Planned package: vcRuntimeMinimum_x64, state: Absent, default requested: Present, ba requested: Present, execute: Install, rollback: Uninstall, cache: Yes, uncache: No, dependency: Register
[025C:0260][2023-01-25T16:16:05]i201: Planned package: vcRuntimeAdditional_x64, state: Absent, default requested: Present, ba requested: Present, execute: Install, rollback: Uninstall, cache: Yes, uncache: No, dependency: Register
[025C:0260][2023-01-25T16:16:05]i207: Planned related bundle: {f65db027-aff3-4070-886a-0d87064aabb1}, type: Upgrade, default requested: None, ba requested: None, execute: None, rollback: None, dependency: None
[025C:0260][2023-01-25T16:16:05]i299: Plan complete, result: 0x0
[025C:0260][2023-01-25T16:16:05]i300: Apply begin
[0230:0234][2023-01-25T16:16:05]i360: Creating a system restore point.
[0230:0234][2023-01-25T16:16:05]i361: Created a system restore point.
[0230:0234][2023-01-25T16:16:05]i370: Session begin, registration key: SOFTWARE\Microsoft\Windows\CurrentVersion\Uninstall\{050d4fc8-5d48-4b8f-8972-47c82c46020f}, options: 0x7, disable resume: No
[0230:0234][2023-01-25T16:16:05]i000: Caching bundle from: 'C:\users\gameplayer\Temp\{050d4fc8-5d48-4b8f-8972-47c82c46020f}\.be\vcredist_x64.exe' to: 'C:\ProgramData\Package Cache\{050d4fc8-5d48-4b8f-8972-47c82c46020f}\vcredist_x64.exe'
[0230:0234][2023-01-25T16:16:05]i320: Registering bundle dependency provider: {050d4fc8-5d48-4b8f-8972-47c82c46020f}, version: 12.0.30501.0
[0230:0234][2023-01-25T16:16:05]i371: Updating session, registration key: SOFTWARE\Microsoft\Windows\CurrentVersion\Uninstall\{050d4fc8-5d48-4b8f-8972-47c82c46020f}, resume: Active, restart initiated: No, disable resume: No
[0230:0270][2023-01-25T16:16:08]i305: Verified acquired payload: vcRuntimeMinimum_x64 at path: C:\ProgramData\Package Cache\.unverified\vcRuntimeMinimum_x64, moving to: C:\ProgramData\Package Cache\{A749D8E6-B613-3BE3-8F5F-045C84EBA29B}v12.0.21005\packages\vcRuntimeMinimum_amd64\vc_runtimeMinimum_x64.msi.
[0230:0270][2023-01-25T16:16:08]i305: Verified acquired payload: cab5046A8AB272BF37297BB7928664C9503 at path: C:\ProgramData\Package Cache\.unverified\cab5046A8AB272BF37297BB7928664C9503, moving to: C:\ProgramData\Package Cache\{A749D8E6-B613-3BE3-8F5F-045C84EBA29B}v12.0.21005\packages\vcRuntimeMinimum_amd64\cab1.cab.
[0230:0270][2023-01-25T16:16:08]i305: Verified acquired payload: vcRuntimeAdditional_x64 at path: C:\ProgramData\Package Cache\.unverified\vcRuntimeAdditional_x64, moving to: C:\ProgramData\Package Cache\{929FBD26-9020-399B-9A7A-751D61F0B942}v12.0.21005\packages\vcRuntimeAdditional_amd64\vc_runtimeAdditional_x64.msi.
[0230:0270][2023-01-25T16:16:08]i305: Verified acquired payload: cab2C04DDC374BD96EB5C8EB8208F2C7C92 at path: C:\ProgramData\Package Cache\.unverified\cab2C04DDC374BD96EB5C8EB8208F2C7C92, moving to: C:\ProgramData\Package Cache\{929FBD26-9020-399B-9A7A-751D61F0B942}v12.0.21005\packages\vcRuntimeAdditional_amd64\cab1.cab.
[0230:0234][2023-01-25T16:16:08]i301: Applying execute package: vcRuntimeMinimum_x64, action: Install, path: C:\ProgramData\Package Cache\{A749D8E6-B613-3BE3-8F5F-045C84EBA29B}v12.0.21005\packages\vcRuntimeMinimum_amd64\vc_runtimeMinimum_x64.msi, arguments: ' MSIFASTINSTALL="7" NOVSUI="1"'
[025C:0260][2023-01-25T16:16:09]i319: Applied execute package: vcRuntimeMinimum_x64, result: 0x0, restart: None
[0230:0234][2023-01-25T16:16:09]i325: Registering dependency: {050d4fc8-5d48-4b8f-8972-47c82c46020f} on package provider: Microsoft.VS.VC_RuntimeMinimumVSU_amd64,v12, package: vcRuntimeMinimum_x64
[0230:0234][2023-01-25T16:16:09]i301: Applying execute package: vcRuntimeAdditional_x64, action: Install, path: C:\ProgramData\Package Cache\{929FBD26-9020-399B-9A7A-751D61F0B942}v12.0.21005\packages\vcRuntimeAdditional_amd64\vc_runtimeAdditional_x64.msi, arguments: ' MSIFASTINSTALL="7" NOVSUI="1"'
[025C:0260][2023-01-25T16:16:12]i319: Applied execute package: vcRuntimeAdditional_x64, result: 0x0, restart: None
[0230:0234][2023-01-25T16:16:12]i325: Registering dependency: {050d4fc8-5d48-4b8f-8972-47c82c46020f} on package provider: Microsoft.VS.VC_RuntimeAdditionalVSU_amd64,v12, package: vcRuntimeAdditional_x64
[0230:0234][2023-01-25T16:16:12]i372: Session end, registration key: SOFTWARE\Microsoft\Windows\CurrentVersion\Uninstall\{050d4fc8-5d48-4b8f-8972-47c82c46020f}, resume: ARP, restart: None, disable resume: No
[0230:0234][2023-01-25T16:16:12]i371: Updating session, registration key: SOFTWARE\Microsoft\Windows\CurrentVersion\Uninstall\{050d4fc8-5d48-4b8f-8972-47c82c46020f}, resume: ARP, restart initiated: No, disable resume: No
[025C:0260][2023-01-25T16:16:12]i399: Apply complete, result: 0x0, restart: None, ba requested restart:  No
[025C:0260][2023-01-25T16:16:12]i500: Shutting down, exit code: 0x0
[025C:0260][2023-01-25T16:16:12]i410: Variable: VersionNT64 = 10.0.0.0
[025C:0260][2023-01-25T16:16:12]i410: Variable: WixBundleAction = 5
[025C:0260][2023-01-25T16:16:12]i410: Variable: WixBundleElevated = 1
[025C:0260][2023-01-25T16:16:12]i410: Variable: WixBundleInstalled = 0
[025C:0260][2023-01-25T16:16:12]i410: Variable: WixBundleLog = C:\users\gameplayer\Temp\dd_vcredist_amd64_20230125161604.log
[025C:0260][2023-01-25T16:16:12]i410: Variable: WixBundleLog_vcRuntimeAdditional_x64 = C:\users\gameplayer\Temp\dd_vcredist_amd64_20230125161604_1_vcRuntimeAdditional_x64.log
[025C:0260][2023-01-25T16:16:12]i410: Variable: WixBundleLog_vcRuntimeMinimum_x64 = C:\users\gameplayer\Temp\dd_vcredist_amd64_20230125161604_0_vcRuntimeMinimum_x64.log
[025C:0260][2023-01-25T16:16:12]i410: Variable: WixBundleManufacturer = Microsoft Corporation
[025C:0260][2023-01-25T16:16:12]i410: Variable: WixBundleName = Microsoft Visual C++ 2013 Redistributable (x64) - 12.0.30501
[025C:0260][2023-01-25T16:16:12]i410: Variable: WixBundleOriginalSource = Z:\home\gameplayer\Adobe\photoshop-22-linux\scripts\installation_files\redist\2013\vcredist_x64.exe
[025C:0260][2023-01-25T16:16:12]i410: Variable: WixBundleProviderKey = {050d4fc8-5d48-4b8f-8972-47c82c46020f}
[025C:0260][2023-01-25T16:16:12]i410: Variable: WixBundleRollbackLog_vcRuntimeAdditional_x64 = C:\users\gameplayer\Temp\dd_vcredist_amd64_20230125161604_1_vcRuntimeAdditional_x64_rollback.log
[025C:0260][2023-01-25T16:16:12]i410: Variable: WixBundleRollbackLog_vcRuntimeMinimum_x64 = C:\users\gameplayer\Temp\dd_vcredist_amd64_20230125161604_0_vcRuntimeMinimum_x64_rollback.log
[025C:0260][2023-01-25T16:16:12]i410: Variable: WixBundleTag = 
[025C:0260][2023-01-25T16:16:12]i410: Variable: WixBundleVersion = 12.0.30501.0
[025C:0260][2023-01-25T16:16:12]i007: Exit code: 0x0, restarting: No
