[0308:030C][2023-01-25T16:16:28]i001: Burn v3.10.4.4718, Windows v10.0 (Build 18362: Service Pack 0), path: C:\windows\temp\{A8814C56-2051-410B-925C-311B3C5C1BA0}\.cr\VC_redist.x86.exe
[0308:030C][2023-01-25T16:16:28]i009: Command Line: '-burn.clean.room=Z:\home\gameplayer\Adobe\photoshop-22-linux\scripts\installation_files\redist\2019\VC_redist.x86.exe -burn.filehandle.attached=164 -burn.filehandle.self=168 /install /quiet /norestart'
[0308:030C][2023-01-25T16:16:28]i000: Setting string variable 'WixBundleOriginalSource' to value 'Z:\home\gameplayer\Adobe\photoshop-22-linux\scripts\installation_files\redist\2019\VC_redist.x86.exe'
[0308:030C][2023-01-25T16:16:28]i000: Setting string variable 'WixBundleOriginalSourceFolder' to value 'Z:\home\gameplayer\Adobe\photoshop-22-linux\scripts\installation_files\redist\2019\'
[0308:030C][2023-01-25T16:16:28]i000: Setting string variable 'WixBundleLog' to value 'C:\users\gameplayer\Temp\dd_vcredist_x86_20230125161628.log'
[0308:030C][2023-01-25T16:16:28]i000: Setting string variable 'WixBundleName' to value 'Microsoft Visual C++ 2015-2019 Redistributable (x86) - 14.29.30040'
[0308:030C][2023-01-25T16:16:28]i000: Setting string variable 'WixBundleManufacturer' to value 'Microsoft Corporation'
[0308:0318][2023-01-25T16:16:28]i000: Setting version variable 'WixBundleFileVersion' to value '14.29.30040.0'
[0308:030C][2023-01-25T16:16:28]i100: Detect begin, 10 packages
[0308:030C][2023-01-25T16:16:28]i000: Setting version variable 'windows_uCRT_DetectKey' to value '10.0.14393.2247'
[0308:030C][2023-01-25T16:16:28]i000: Setting numeric variable 'windows_uCRT_DetectKeyExists' to value 1
[0308:030C][2023-01-25T16:16:28]i052: Condition '(VersionNT = v6.3 AND NOT VersionNT64) AND (windows_uCRT_DetectKeyExists AND windows_uCRT_DetectKey >= v10.0.10240.0)' evaluates to false.
[0308:030C][2023-01-25T16:16:28]i052: Condition '(VersionNT = v6.3 AND VersionNT64) AND (windows_uCRT_DetectKeyExists AND windows_uCRT_DetectKey >= v10.0.10240.0)' evaluates to false.
[0308:030C][2023-01-25T16:16:28]i052: Condition '(VersionNT = v6.2 AND NOT VersionNT64) AND (windows_uCRT_DetectKeyExists AND windows_uCRT_DetectKey >= v10.0.10240.0)' evaluates to false.
[0308:030C][2023-01-25T16:16:28]i052: Condition '(VersionNT = v6.2 AND VersionNT64) AND (windows_uCRT_DetectKeyExists AND windows_uCRT_DetectKey >= v10.0.10240.0)' evaluates to false.
[0308:030C][2023-01-25T16:16:28]i052: Condition '(VersionNT = v6.1 AND NOT VersionNT64) AND (windows_uCRT_DetectKeyExists AND windows_uCRT_DetectKey >= v10.0.10240.0)' evaluates to false.
[0308:030C][2023-01-25T16:16:28]i052: Condition '(VersionNT = v6.1 AND VersionNT64) AND (windows_uCRT_DetectKeyExists AND windows_uCRT_DetectKey >= v10.0.10240.0)' evaluates to false.
[0308:030C][2023-01-25T16:16:28]i052: Condition '(VersionNT = v6.0 AND NOT VersionNT64) AND (windows_uCRT_DetectKeyExists AND windows_uCRT_DetectKey >= v10.0.10240.0)' evaluates to false.
[0308:030C][2023-01-25T16:16:28]i052: Condition '(VersionNT = v6.0 AND VersionNT64) AND (windows_uCRT_DetectKeyExists AND windows_uCRT_DetectKey >= v10.0.10240.0)' evaluates to false.
[0308:030C][2023-01-25T16:16:28]i101: Detected package: Windows81_x86, state: Absent, cached: None
[0308:030C][2023-01-25T16:16:28]i101: Detected package: Windows81_x64, state: Absent, cached: None
[0308:030C][2023-01-25T16:16:28]i101: Detected package: Windows8_x86, state: Absent, cached: None
[0308:030C][2023-01-25T16:16:28]i101: Detected package: Windows8_x64, state: Absent, cached: None
[0308:030C][2023-01-25T16:16:28]i101: Detected package: Windows7_MSU_x86, state: Absent, cached: None
[0308:030C][2023-01-25T16:16:28]i101: Detected package: Windows7_MSU_x64, state: Absent, cached: None
[0308:030C][2023-01-25T16:16:28]i101: Detected package: WindowsVista_MSU_x86, state: Absent, cached: None
[0308:030C][2023-01-25T16:16:28]i101: Detected package: WindowsVista_MSU_x64, state: Absent, cached: None
[0308:030C][2023-01-25T16:16:28]i101: Detected package: vcRuntimeMinimum_x86, state: Absent, cached: None
[0308:030C][2023-01-25T16:16:28]i101: Detected package: vcRuntimeAdditional_x86, state: Absent, cached: None
[0308:030C][2023-01-25T16:16:28]i052: Condition 'VersionNT >= v6.0 OR (VersionNT = v5.1 AND ServicePackLevel >= 2) OR (VersionNT = v5.2 AND ServicePackLevel >= 1)' evaluates to true.
[0308:030C][2023-01-25T16:16:28]i199: Detect complete, result: 0x0
[0308:030C][2023-01-25T16:16:28]i200: Plan begin, 10 packages, action: Install
[0308:030C][2023-01-25T16:16:28]i052: Condition 'VersionNT = v6.3 AND NOT VersionNT64' evaluates to false.
[0308:030C][2023-01-25T16:16:28]w321: Skipping dependency registration on package with no dependency providers: Windows81_x86
[0308:030C][2023-01-25T16:16:28]i052: Condition 'VersionNT = v6.3 AND VersionNT64' evaluates to false.
[0308:030C][2023-01-25T16:16:28]w321: Skipping dependency registration on package with no dependency providers: Windows81_x64
[0308:030C][2023-01-25T16:16:28]i052: Condition 'VersionNT = v6.2 AND NOT VersionNT64' evaluates to false.
[0308:030C][2023-01-25T16:16:28]w321: Skipping dependency registration on package with no dependency providers: Windows8_x86
[0308:030C][2023-01-25T16:16:28]i052: Condition 'VersionNT = v6.2 AND VersionNT64' evaluates to false.
[0308:030C][2023-01-25T16:16:28]w321: Skipping dependency registration on package with no dependency providers: Windows8_x64
[0308:030C][2023-01-25T16:16:28]i052: Condition 'VersionNT = v6.1 AND NOT VersionNT64' evaluates to false.
[0308:030C][2023-01-25T16:16:28]w321: Skipping dependency registration on package with no dependency providers: Windows7_MSU_x86
[0308:030C][2023-01-25T16:16:28]i052: Condition 'VersionNT = v6.1 AND VersionNT64' evaluates to false.
[0308:030C][2023-01-25T16:16:28]w321: Skipping dependency registration on package with no dependency providers: Windows7_MSU_x64
[0308:030C][2023-01-25T16:16:28]i052: Condition 'VersionNT = v6.0 AND NOT VersionNT64' evaluates to false.
[0308:030C][2023-01-25T16:16:28]w321: Skipping dependency registration on package with no dependency providers: WindowsVista_MSU_x86
[0308:030C][2023-01-25T16:16:28]i052: Condition 'VersionNT = v6.0 AND VersionNT64' evaluates to false.
[0308:030C][2023-01-25T16:16:28]w321: Skipping dependency registration on package with no dependency providers: WindowsVista_MSU_x64
[0308:030C][2023-01-25T16:16:28]i000: Setting string variable 'WixBundleRollbackLog_vcRuntimeMinimum_x86' to value 'C:\users\gameplayer\Temp\dd_vcredist_x86_20230125161628_000_vcRuntimeMinimum_x86_rollback.log'
[0308:030C][2023-01-25T16:16:28]i000: Setting string variable 'WixBundleLog_vcRuntimeMinimum_x86' to value 'C:\users\gameplayer\Temp\dd_vcredist_x86_20230125161628_000_vcRuntimeMinimum_x86.log'
[0308:030C][2023-01-25T16:16:28]i000: Setting string variable 'WixBundleRollbackLog_vcRuntimeAdditional_x86' to value 'C:\users\gameplayer\Temp\dd_vcredist_x86_20230125161628_001_vcRuntimeAdditional_x86_rollback.log'
[0308:030C][2023-01-25T16:16:28]i000: Setting string variable 'WixBundleLog_vcRuntimeAdditional_x86' to value 'C:\users\gameplayer\Temp\dd_vcredist_x86_20230125161628_001_vcRuntimeAdditional_x86.log'
[0308:030C][2023-01-25T16:16:28]i201: Planned package: Windows81_x86, state: Absent, default requested: Absent, ba requested: Absent, execute: None, rollback: None, cache: No, uncache: No, dependency: None
[0308:030C][2023-01-25T16:16:28]i201: Planned package: Windows81_x64, state: Absent, default requested: Absent, ba requested: Absent, execute: None, rollback: None, cache: No, uncache: No, dependency: None
[0308:030C][2023-01-25T16:16:28]i201: Planned package: Windows8_x86, state: Absent, default requested: Absent, ba requested: Absent, execute: None, rollback: None, cache: No, uncache: No, dependency: None
[0308:030C][2023-01-25T16:16:28]i201: Planned package: Windows8_x64, state: Absent, default requested: Absent, ba requested: Absent, execute: None, rollback: None, cache: No, uncache: No, dependency: None
[0308:030C][2023-01-25T16:16:28]i201: Planned package: Windows7_MSU_x86, state: Absent, default requested: Absent, ba requested: Absent, execute: None, rollback: None, cache: No, uncache: No, dependency: None
[0308:030C][2023-01-25T16:16:28]i201: Planned package: Windows7_MSU_x64, state: Absent, default requested: Absent, ba requested: Absent, execute: None, rollback: None, cache: No, uncache: No, dependency: None
[0308:030C][2023-01-25T16:16:28]i201: Planned package: WindowsVista_MSU_x86, state: Absent, default requested: Absent, ba requested: Absent, execute: None, rollback: None, cache: No, uncache: No, dependency: None
[0308:030C][2023-01-25T16:16:28]i201: Planned package: WindowsVista_MSU_x64, state: Absent, default requested: Absent, ba requested: Absent, execute: None, rollback: None, cache: No, uncache: No, dependency: None
[0308:030C][2023-01-25T16:16:28]i201: Planned package: vcRuntimeMinimum_x86, state: Absent, default requested: Present, ba requested: Present, execute: Install, rollback: Uninstall, cache: Yes, uncache: No, dependency: Register
[0308:030C][2023-01-25T16:16:28]i201: Planned package: vcRuntimeAdditional_x86, state: Absent, default requested: Present, ba requested: Present, execute: Install, rollback: Uninstall, cache: Yes, uncache: No, dependency: Register
[0308:030C][2023-01-25T16:16:28]i299: Plan complete, result: 0x0
[0308:030C][2023-01-25T16:16:28]i300: Apply begin
[0308:030C][2023-01-25T16:16:28]i010: Launching elevated engine process.
[0308:030C][2023-01-25T16:16:28]i011: Launched elevated engine process.
[0308:030C][2023-01-25T16:16:30]i012: Connected to elevated engine.
[031C:0320][2023-01-25T16:16:30]i358: Pausing automatic updates.
[031C:0320][2023-01-25T16:16:30]i359: Paused automatic updates.
[031C:0320][2023-01-25T16:16:30]i360: Creating a system restore point.
[031C:0320][2023-01-25T16:16:30]i361: Created a system restore point.
[031C:0320][2023-01-25T16:16:30]i370: Session begin, registration key: SOFTWARE\Microsoft\Windows\CurrentVersion\Uninstall\{a8968509-65be-4c09-a460-fd1584b1cdbf}, options: 0x7, disable resume: No
[031C:0320][2023-01-25T16:16:30]i000: Caching bundle from: 'C:\windows\Temp\{9A28DADF-7D17-4054-97EF-732D02D83307}\.be\VC_redist.x86.exe' to: 'C:\ProgramData\Package Cache\{a8968509-65be-4c09-a460-fd1584b1cdbf}\VC_redist.x86.exe'
[031C:0320][2023-01-25T16:16:30]i320: Registering bundle dependency provider: VC,redist.x86,x86,14.29,bundle, version: 14.29.30040.0
[031C:0320][2023-01-25T16:16:30]i371: Updating session, registration key: SOFTWARE\Microsoft\Windows\CurrentVersion\Uninstall\{a8968509-65be-4c09-a460-fd1584b1cdbf}, resume: Active, restart initiated: No, disable resume: No
[031C:032C][2023-01-25T16:16:31]i305: Verified acquired payload: vcRuntimeMinimum_x86 at path: C:\ProgramData\Package Cache\.unverified\vcRuntimeMinimum_x86, moving to: C:\ProgramData\Package Cache\{3093CC12-EF27-4036-AD72-A759500271E9}v14.29.30040\packages\vcRuntimeMinimum_x86\vc_runtimeMinimum_x86.msi.
[031C:032C][2023-01-25T16:16:31]i305: Verified acquired payload: cab54A5CABBE7274D8A22EB58060AAB7623 at path: C:\ProgramData\Package Cache\.unverified\cab54A5CABBE7274D8A22EB58060AAB7623, moving to: C:\ProgramData\Package Cache\{3093CC12-EF27-4036-AD72-A759500271E9}v14.29.30040\packages\vcRuntimeMinimum_x86\cab1.cab.
[031C:032C][2023-01-25T16:16:31]i305: Verified acquired payload: vcRuntimeAdditional_x86 at path: C:\ProgramData\Package Cache\.unverified\vcRuntimeAdditional_x86, moving to: C:\ProgramData\Package Cache\{EFC21A37-5640-4BE1-981A-2FD3EDA1D893}v14.29.30040\packages\vcRuntimeAdditional_x86\vc_runtimeAdditional_x86.msi.
[031C:032C][2023-01-25T16:16:31]i305: Verified acquired payload: cabB3E1576D1FEFBB979E13B1A5379E0B16 at path: C:\ProgramData\Package Cache\.unverified\cabB3E1576D1FEFBB979E13B1A5379E0B16, moving to: C:\ProgramData\Package Cache\{EFC21A37-5640-4BE1-981A-2FD3EDA1D893}v14.29.30040\packages\vcRuntimeAdditional_x86\cab1.cab.
[031C:0320][2023-01-25T16:16:31]i301: Applying execute package: vcRuntimeMinimum_x86, action: Install, path: C:\ProgramData\Package Cache\{3093CC12-EF27-4036-AD72-A759500271E9}v14.29.30040\packages\vcRuntimeMinimum_x86\vc_runtimeMinimum_x86.msi, arguments: ' MSIFASTINSTALL="7" NOVSUI="1"'
[0308:030C][2023-01-25T16:16:32]i319: Applied execute package: vcRuntimeMinimum_x86, result: 0x0, restart: None
[031C:0320][2023-01-25T16:16:32]i325: Registering dependency: {a8968509-65be-4c09-a460-fd1584b1cdbf} on package provider: Microsoft.VS.VC_RuntimeMinimumVSU_x86,v14, package: vcRuntimeMinimum_x86
[031C:0320][2023-01-25T16:16:32]i301: Applying execute package: vcRuntimeAdditional_x86, action: Install, path: C:\ProgramData\Package Cache\{EFC21A37-5640-4BE1-981A-2FD3EDA1D893}v14.29.30040\packages\vcRuntimeAdditional_x86\vc_runtimeAdditional_x86.msi, arguments: ' MSIFASTINSTALL="7" NOVSUI="1"'
[0308:030C][2023-01-25T16:16:34]i319: Applied execute package: vcRuntimeAdditional_x86, result: 0x0, restart: None
[031C:0320][2023-01-25T16:16:34]i325: Registering dependency: {a8968509-65be-4c09-a460-fd1584b1cdbf} on package provider: Microsoft.VS.VC_RuntimeAdditionalVSU_x86,v14, package: vcRuntimeAdditional_x86
[031C:0320][2023-01-25T16:16:34]i372: Session end, registration key: SOFTWARE\Microsoft\Windows\CurrentVersion\Uninstall\{a8968509-65be-4c09-a460-fd1584b1cdbf}, resume: ARP, restart: None, disable resume: No
[031C:0320][2023-01-25T16:16:34]i371: Updating session, registration key: SOFTWARE\Microsoft\Windows\CurrentVersion\Uninstall\{a8968509-65be-4c09-a460-fd1584b1cdbf}, resume: ARP, restart initiated: No, disable resume: No
[0308:030C][2023-01-25T16:16:34]i399: Apply complete, result: 0x0, restart: None, ba requested restart:  No
[0308:030C][2023-01-25T16:16:34]i500: Shutting down, exit code: 0x0
[0308:030C][2023-01-25T16:16:34]i410: Variable: SystemFolder = C:\windows\system32\
[0308:030C][2023-01-25T16:16:34]i410: Variable: VersionNT = 10.0.0.0
[0308:030C][2023-01-25T16:16:34]i410: Variable: VersionNT64 = 10.0.0.0
[0308:030C][2023-01-25T16:16:34]i410: Variable: windows_uCRT_DetectKey = 10.0.14393.2247
[0308:030C][2023-01-25T16:16:34]i410: Variable: windows_uCRT_DetectKeyExists = 1
[0308:030C][2023-01-25T16:16:34]i410: Variable: WixBundleAction = 5
[0308:030C][2023-01-25T16:16:34]i410: Variable: WixBundleElevated = 1
[0308:030C][2023-01-25T16:16:34]i410: Variable: WixBundleFileVersion = 14.29.30040.0
[0308:030C][2023-01-25T16:16:34]i410: Variable: WixBundleInstalled = 0
[0308:030C][2023-01-25T16:16:34]i410: Variable: WixBundleLog = C:\users\gameplayer\Temp\dd_vcredist_x86_20230125161628.log
[0308:030C][2023-01-25T16:16:34]i410: Variable: WixBundleLog_vcRuntimeAdditional_x86 = C:\users\gameplayer\Temp\dd_vcredist_x86_20230125161628_001_vcRuntimeAdditional_x86.log
[0308:030C][2023-01-25T16:16:34]i410: Variable: WixBundleLog_vcRuntimeMinimum_x86 = C:\users\gameplayer\Temp\dd_vcredist_x86_20230125161628_000_vcRuntimeMinimum_x86.log
[0308:030C][2023-01-25T16:16:34]i410: Variable: WixBundleManufacturer = Microsoft Corporation
[0308:030C][2023-01-25T16:16:34]i410: Variable: WixBundleName = Microsoft Visual C++ 2015-2019 Redistributable (x86) - 14.29.30040
[0308:030C][2023-01-25T16:16:34]i410: Variable: WixBundleOriginalSource = Z:\home\gameplayer\Adobe\photoshop-22-linux\scripts\installation_files\redist\2019\VC_redist.x86.exe
[0308:030C][2023-01-25T16:16:34]i410: Variable: WixBundleOriginalSourceFolder = Z:\home\gameplayer\Adobe\photoshop-22-linux\scripts\installation_files\redist\2019\
[0308:030C][2023-01-25T16:16:34]i410: Variable: WixBundleProviderKey = VC,redist.x86,x86,14.29,bundle
[0308:030C][2023-01-25T16:16:34]i410: Variable: WixBundleRollbackLog_vcRuntimeAdditional_x86 = C:\users\gameplayer\Temp\dd_vcredist_x86_20230125161628_001_vcRuntimeAdditional_x86_rollback.log
[0308:030C][2023-01-25T16:16:34]i410: Variable: WixBundleRollbackLog_vcRuntimeMinimum_x86 = C:\users\gameplayer\Temp\dd_vcredist_x86_20230125161628_000_vcRuntimeMinimum_x86_rollback.log
[0308:030C][2023-01-25T16:16:34]i410: Variable: WixBundleSourceProcessFolder = Z:\home\gameplayer\Adobe\photoshop-22-linux\scripts\installation_files\redist\2019\
[0308:030C][2023-01-25T16:16:34]i410: Variable: WixBundleSourceProcessPath = Z:\home\gameplayer\Adobe\photoshop-22-linux\scripts\installation_files\redist\2019\VC_redist.x86.exe
[0308:030C][2023-01-25T16:16:34]i410: Variable: WixBundleTag = 
[0308:030C][2023-01-25T16:16:34]i410: Variable: WixBundleVersion = 14.29.30040.0
[0308:030C][2023-01-25T16:16:34]i007: Exit code: 0x0, restarting: No
