1: 0 2: 1033 3: 1252 
=== Logging started: 1/25/2023  4:15:50 ===
Message type: 0, Argument: 1033
Message type: 1, Argument: Microsoft Visual C++ 2012 x64 Minimum Runtime - 11.0.61030
Action 4:15:50: INSTALL. 
Action start 4:15:50: INSTALL.
1: 0 2: 1033 3: 1252 
1: 0 2: 1033 3: 1252 
=== Logging started: 1/25/2023  4:15:50 ===
Message type: 0, Argument: 1033
Message type: 1, Argument: Microsoft Visual C++ 2012 x64 Minimum Runtime - 11.0.61030
Action 4:15:50: INSTALL. 
Action start 4:15:50: INSTALL.
1: Microsoft Visual C++ 2012 x64 Minimum Runtime - 11.0.61030 2: {CF2BEA3C-26EA-32F8-AA9B-331F7E34BA97} 
Action 4:15:50: FindRelatedProducts. Searching for related applications
Action start 4:15:50: FindRelatedProducts.
Action ended 4:15:50: FindRelatedProducts. Return value 1.
Action 4:15:50: LaunchConditions. Evaluating launch conditions
Action start 4:15:50: LaunchConditions.
Action ended 4:15:50: LaunchConditions. Return value 1.
Action 4:15:50: AppSearch. Searching for installed applications
Action start 4:15:50: AppSearch.
Property: REDISTFOUNDVERLANG, Signature: DetectRedistVerLangSignature
Property: REDISTFOUNDVER, Signature: DetectRedistVerSignature
Property: JSHFOUNDVER, Signature: DetectJSHVerSignature
Property: OCMFOUNDVER, Signature: DetectOCMRedistVerSignature
Property: OCMFOUNDVERLANG, Signature: DetectOCMRedistVerLangSignature
Action ended 4:15:50: AppSearch. Return value 1.
Action 4:15:50: ValidateProductID. 
Action start 4:15:50: ValidateProductID.
Action ended 4:15:50: ValidateProductID. Return value 1.
Action 4:15:50: CA_AdminToolsFolder_amd64.3643236F_FC70_11D3_A536_0090278A1BB8. 
Action start 4:15:50: CA_AdminToolsFolder_amd64.3643236F_FC70_11D3_A536_0090278A1BB8.
Action ended 4:15:50: CA_AdminToolsFolder_amd64.3643236F_FC70_11D3_A536_0090278A1BB8. Return value 1.
Action 4:15:50: CA_AppDataFolder_amd64.3643236F_FC70_11D3_A536_0090278A1BB8. 
Action start 4:15:50: CA_AppDataFolder_amd64.3643236F_FC70_11D3_A536_0090278A1BB8.
Action ended 4:15:50: CA_AppDataFolder_amd64.3643236F_FC70_11D3_A536_0090278A1BB8. Return value 1.
Action 4:15:50: CA_CommonAppDataFolder_amd64.3643236F_FC70_11D3_A536_0090278A1BB8. 
Action start 4:15:50: CA_CommonAppDataFolder_amd64.3643236F_FC70_11D3_A536_0090278A1BB8.
Action ended 4:15:50: CA_CommonAppDataFolder_amd64.3643236F_FC70_11D3_A536_0090278A1BB8. Return value 1.
Action 4:15:50: CA_CommonFilesFolder_amd64.3643236F_FC70_11D3_A536_0090278A1BB8. 
Action start 4:15:50: CA_CommonFilesFolder_amd64.3643236F_FC70_11D3_A536_0090278A1BB8.
Action ended 4:15:50: CA_CommonFilesFolder_amd64.3643236F_FC70_11D3_A536_0090278A1BB8. Return value 1.
Action 4:15:50: CA_DesktopFolder_amd64.3643236F_FC70_11D3_A536_0090278A1BB8. 
Action start 4:15:50: CA_DesktopFolder_amd64.3643236F_FC70_11D3_A536_0090278A1BB8.
Action ended 4:15:50: CA_DesktopFolder_amd64.3643236F_FC70_11D3_A536_0090278A1BB8. Return value 1.
Action 4:15:50: CA_ProgramFilesFolder_amd64.3643236F_FC70_11D3_A536_0090278A1BB8. 
Action start 4:15:50: CA_ProgramFilesFolder_amd64.3643236F_FC70_11D3_A536_0090278A1BB8.
Action ended 4:15:50: CA_ProgramFilesFolder_amd64.3643236F_FC70_11D3_A536_0090278A1BB8. Return value 1.
Action 4:15:50: CA_ProgramFilesFolder2_amd64.3643236F_FC70_11D3_A536_0090278A1BB8. 
Action start 4:15:50: CA_ProgramFilesFolder2_amd64.3643236F_FC70_11D3_A536_0090278A1BB8.
Action ended 4:15:50: CA_ProgramFilesFolder2_amd64.3643236F_FC70_11D3_A536_0090278A1BB8. Return value 1.
Action 4:15:50: CA_ProgramMenuFolder_amd64.3643236F_FC70_11D3_A536_0090278A1BB8. 
Action start 4:15:50: CA_ProgramMenuFolder_amd64.3643236F_FC70_11D3_A536_0090278A1BB8.
Action ended 4:15:50: CA_ProgramMenuFolder_amd64.3643236F_FC70_11D3_A536_0090278A1BB8. Return value 1.
Action 4:15:50: CA_StartMenuFolder_amd64.3643236F_FC70_11D3_A536_0090278A1BB8. 
Action start 4:15:50: CA_StartMenuFolder_amd64.3643236F_FC70_11D3_A536_0090278A1BB8.
Action ended 4:15:50: CA_StartMenuFolder_amd64.3643236F_FC70_11D3_A536_0090278A1BB8. Return value 1.
Action 4:15:50: CA_System16Folder_amd64.3643236F_FC70_11D3_A536_0090278A1BB8. 
Action start 4:15:50: CA_System16Folder_amd64.3643236F_FC70_11D3_A536_0090278A1BB8.
Action ended 4:15:50: CA_System16Folder_amd64.3643236F_FC70_11D3_A536_0090278A1BB8. Return value 1.
Action 4:15:50: CA_System64Folder_amd64.3643236F_FC70_11D3_A536_0090278A1BB8. 
Action start 4:15:50: CA_System64Folder_amd64.3643236F_FC70_11D3_A536_0090278A1BB8.
Action ended 4:15:50: CA_System64Folder_amd64.3643236F_FC70_11D3_A536_0090278A1BB8. Return value 1.
Action 4:15:50: CA_System64Folder_amd64_VC. 
Action start 4:15:50: CA_System64Folder_amd64_VC.
Action ended 4:15:50: CA_System64Folder_amd64_VC. Return value 1.
Action 4:15:50: CA_SystemFolder_amd64.3643236F_FC70_11D3_A536_0090278A1BB8. 
Action start 4:15:50: CA_SystemFolder_amd64.3643236F_FC70_11D3_A536_0090278A1BB8.
Action ended 4:15:50: CA_SystemFolder_amd64.3643236F_FC70_11D3_A536_0090278A1BB8. Return value 1.
Action 4:15:50: CA_TempFolder_amd64.3643236F_FC70_11D3_A536_0090278A1BB8. 
Action start 4:15:50: CA_TempFolder_amd64.3643236F_FC70_11D3_A536_0090278A1BB8.
Action ended 4:15:50: CA_TempFolder_amd64.3643236F_FC70_11D3_A536_0090278A1BB8. Return value 1.
Action 4:15:50: CA_WindowsFolder_amd64.3643236F_FC70_11D3_A536_0090278A1BB8. 
Action start 4:15:50: CA_WindowsFolder_amd64.3643236F_FC70_11D3_A536_0090278A1BB8.
Action ended 4:15:50: CA_WindowsFolder_amd64.3643236F_FC70_11D3_A536_0090278A1BB8. Return value 1.
Action 4:15:50: CA_WindowsFolder_amd64_VC. 
Action start 4:15:50: CA_WindowsFolder_amd64_VC.
Action ended 4:15:50: CA_WindowsFolder_amd64_VC. Return value 1.
Action 4:15:50: CA_WindowsVolume_amd64.3643236F_FC70_11D3_A536_0090278A1BB8. 
Action start 4:15:50: CA_WindowsVolume_amd64.3643236F_FC70_11D3_A536_0090278A1BB8.
Action ended 4:15:50: CA_WindowsVolume_amd64.3643236F_FC70_11D3_A536_0090278A1BB8. Return value 1.
Action 4:15:50: CostInitialize. Computing space requirements
Action start 4:15:50: CostInitialize.
Action ended 4:15:50: CostInitialize. Return value 1.
Action 4:15:50: FileCost. Computing space requirements
Action start 4:15:50: FileCost.
Action ended 4:15:50: FileCost. Return value 1.
Action 4:15:50: CostFinalize. Computing space requirements
Action start 4:15:50: CostFinalize.
Action ended 4:15:50: CostFinalize. Return value 1.
Action 4:15:50: SetODBCFolders. Initializing ODBC directories
Action start 4:15:50: SetODBCFolders.
Action ended 4:15:50: SetODBCFolders. Return value 1.
Action 4:15:50: InstallValidate. Validating install
Action start 4:15:50: InstallValidate.
Action ended 4:15:50: InstallValidate. Return value 1.
Action 4:15:50: InstallInitialize. 
Action start 4:15:50: InstallInitialize.
Action ended 4:15:50: InstallInitialize. Return value 1.
Action 4:15:50: AllocateRegistrySpace. Allocating registry space
Action start 4:15:50: AllocateRegistrySpace.
Free space: 0
Action ended 4:15:50: AllocateRegistrySpace. Return value 1.
Action 4:15:50: ProcessComponents. Updating component registration
Action start 4:15:50: ProcessComponents.
Action ended 4:15:50: ProcessComponents. Return value 1.
Action 4:15:50: UnpublishComponents. Unpublishing Qualified Components
Action start 4:15:50: UnpublishComponents.
Action ended 4:15:50: UnpublishComponents. Return value 1.
Action 4:15:50: MsiUnpublishAssemblies. Unpublishing assembly information
Action start 4:15:50: MsiUnpublishAssemblies.
Action ended 4:15:50: MsiUnpublishAssemblies. Return value 1.
Action 4:15:50: UnpublishFeatures. Unpublishing Product Features
Action start 4:15:50: UnpublishFeatures.
Action ended 4:15:50: UnpublishFeatures. Return value 1.
Action 4:15:50: StopServices. Stopping services
Action start 4:15:50: StopServices.
Action ended 4:15:50: StopServices. Return value 1.
Action 4:15:50: DeleteServices. Deleting services
Action start 4:15:50: DeleteServices.
Action ended 4:15:50: DeleteServices. Return value 1.
Action 4:15:50: UnregisterComPlus. Unregistering COM+ Applications and Components
Action start 4:15:50: UnregisterComPlus.
Action ended 4:15:50: UnregisterComPlus. Return value 1.
Action 4:15:50: SelfUnregModules. Unregistering modules
Action start 4:15:50: SelfUnregModules.
Action ended 4:15:50: SelfUnregModules. Return value 1.
Action 4:15:50: UnregisterTypeLibraries. Unregistering type libraries
Action start 4:15:50: UnregisterTypeLibraries.
Action ended 4:15:50: UnregisterTypeLibraries. Return value 1.
Action 4:15:50: RemoveODBC. Removing ODBC components
Action start 4:15:50: RemoveODBC.
Action ended 4:15:50: RemoveODBC. Return value 1.
Action 4:15:50: UnregisterFonts. Unregistering fonts
Action start 4:15:50: UnregisterFonts.
Action ended 4:15:50: UnregisterFonts. Return value 1.
Action 4:15:50: RemoveRegistryValues. Removing system registry values
Action start 4:15:50: RemoveRegistryValues.
Action ended 4:15:50: RemoveRegistryValues. Return value 1.
Action 4:15:50: UnregisterClassInfo. Unregister Class servers
Action start 4:15:50: UnregisterClassInfo.
Action ended 4:15:50: UnregisterClassInfo. Return value 1.
Action 4:15:50: UnregisterMIMEInfo. Unregistering MIME info
Action start 4:15:50: UnregisterMIMEInfo.
Action ended 4:15:50: UnregisterMIMEInfo. Return value 1.
Action 4:15:50: RemoveIniValues. Removing INI files entries
Action start 4:15:50: RemoveIniValues.
Action ended 4:15:50: RemoveIniValues. Return value 1.
Action 4:15:50: RemoveShortcuts. Removing shortcuts
Action start 4:15:50: RemoveShortcuts.
Action ended 4:15:50: RemoveShortcuts. Return value 1.
Action 4:15:50: RemoveEnvironmentStrings. Updating environment strings
Action start 4:15:50: RemoveEnvironmentStrings.
Action ended 4:15:50: RemoveEnvironmentStrings. Return value 1.
Action 4:15:50: RemoveDuplicateFiles. Removing duplicated files
Action start 4:15:50: RemoveDuplicateFiles.
Action ended 4:15:50: RemoveDuplicateFiles. Return value 1.
Action 4:15:50: RemoveFiles. Removing files
Action start 4:15:50: RemoveFiles.
Action ended 4:15:50: RemoveFiles. Return value 1.
Action 4:15:50: RemoveFolders. Removing folders
Action start 4:15:50: RemoveFolders.
Action ended 4:15:50: RemoveFolders. Return value 1.
Action 4:15:50: CreateFolders. Creating folders
Action start 4:15:50: CreateFolders.
Action ended 4:15:50: CreateFolders. Return value 1.
Action 4:15:50: MoveFiles. Moving files
Action start 4:15:50: MoveFiles.
Action ended 4:15:50: MoveFiles. Return value 1.
Action 4:15:50: InstallFiles. Copying new files
Action start 4:15:50: InstallFiles.
Action ended 4:15:50: InstallFiles. Return value 1.
Action 4:15:50: DuplicateFiles. Creating duplicate files
Action start 4:15:50: DuplicateFiles.
Action ended 4:15:50: DuplicateFiles. Return value 1.
Action 4:15:50: BindImage. Binding executables
Action start 4:15:50: BindImage.
Action ended 4:15:50: BindImage. Return value 1.
Action 4:15:50: RegisterClassInfo. Registering Class servers
Action start 4:15:50: RegisterClassInfo.
Action ended 4:15:50: RegisterClassInfo. Return value 1.
Action 4:15:50: RegisterMIMEInfo. Registering MIME info
Action start 4:15:50: RegisterMIMEInfo.
Action ended 4:15:50: RegisterMIMEInfo. Return value 1.
Action 4:15:50: RegisterTypeLibraries. Registering type libraries
Action start 4:15:50: RegisterTypeLibraries.
Action ended 4:15:50: RegisterTypeLibraries. Return value 1.
Action 4:15:50: WriteRegistryValues. Writing system registry values
Action start 4:15:50: WriteRegistryValues.
Action ended 4:15:50: WriteRegistryValues. Return value 1.
Action 4:15:50: WriteIniValues. Writing INI files values
Action start 4:15:50: WriteIniValues.
Action ended 4:15:50: WriteIniValues. Return value 1.
Action 4:15:50: WriteEnvironmentStrings. Updating environment strings
Action start 4:15:50: WriteEnvironmentStrings.
Action ended 4:15:50: WriteEnvironmentStrings. Return value 1.
Action 4:15:50: RegisterFonts. Registering fonts
Action start 4:15:50: RegisterFonts.
Action ended 4:15:50: RegisterFonts. Return value 1.
Action 4:15:50: InstallODBC. Installing ODBC components
Action start 4:15:50: InstallODBC.
Action ended 4:15:50: InstallODBC. Return value 1.
Action 4:15:50: SelfRegModules. Registering modules
Action start 4:15:50: SelfRegModules.
Action ended 4:15:50: SelfRegModules. Return value 1.
Action 4:15:50: RegisterComPlus. Registering COM+ Applications and Components
Action start 4:15:50: RegisterComPlus.
Action ended 4:15:50: RegisterComPlus. Return value 1.
Action 4:15:50: InstallServices. Installing new services
Action start 4:15:50: InstallServices.
Action ended 4:15:50: InstallServices. Return value 1.
Action 4:15:50: StartServices. Starting services
Action start 4:15:50: StartServices.
Action ended 4:15:50: StartServices. Return value 1.
Action 4:15:50: RegisterUser. Registering user
Action start 4:15:50: RegisterUser.
Action ended 4:15:50: RegisterUser. Return value 1.
Action 4:15:50: RegisterProduct. Registering product
Action start 4:15:50: RegisterProduct.
Action ended 4:15:50: RegisterProduct. Return value 1.
Action 4:15:50: PublishComponents. Publishing Qualified Components
Action start 4:15:50: PublishComponents.
Action ended 4:15:50: PublishComponents. Return value 1.
Action 4:15:50: MsiPublishAssemblies. Publishing assembly information
Action start 4:15:50: MsiPublishAssemblies.
Action ended 4:15:50: MsiPublishAssemblies. Return value 1.
Action 4:15:50: PublishFeatures. Publishing Product Features
Action start 4:15:50: PublishFeatures.
Action ended 4:15:50: PublishFeatures. Return value 1.
Action 4:15:50: PublishProduct. Publishing product information
Action start 4:15:50: PublishProduct.
Action ended 4:15:50: PublishProduct. Return value 1.
Action 4:15:50: CreateShortcuts. Creating shortcuts
Action start 4:15:50: CreateShortcuts.
Action ended 4:15:50: CreateShortcuts. Return value 1.
Action 4:15:50: InstallFinalize. 
Action start 4:15:50: InstallFinalize.
Action 4:15:50: ProcessComponents. Updating component registration
Action start 4:15:50: ProcessComponents.
1: {CF2BEA3C-26EA-32F8-AA9B-331F7E34BA97} 2: {CD896D6E-C2DB-3AFC-9B4E-B83225D7A03D} 3: 02:\SOFTWARE\Microsoft\VisualStudio\11.0\VC\Runtimes\x64\Version 
1: {CF2BEA3C-26EA-32F8-AA9B-331F7E34BA97} 2: {DA75966E-01A6-474C-8363-BCC34B75B61E} 3: C:\windows\system32\atl110.dll 
1: {CF2BEA3C-26EA-32F8-AA9B-331F7E34BA97} 2: {A20D4A14-36B7-4515-A41E-675EC97165E3} 3: C:\windows\system32\msvcr110.dll 
1: {CF2BEA3C-26EA-32F8-AA9B-331F7E34BA97} 2: {06968015-2B78-456C-9B32-E8EC0B93697A} 3: C:\windows\system32\msvcp110.dll 
1: {CF2BEA3C-26EA-32F8-AA9B-331F7E34BA97} 2: {E9D693A9-295B-4AEC-8CC5-25FF383D4629} 3: C:\windows\system32\vccorlib110.dll 
1: {CF2BEA3C-26EA-32F8-AA9B-331F7E34BA97} 2: {7BC56473-0E05-37C8-9340-122E036EC760} 3: 02:\SOFTWARE\Microsoft\DevDiv\vc\Servicing\11.0\SP 
1: {CF2BEA3C-26EA-32F8-AA9B-331F7E34BA97} 2: {401460BA-48AF-3785-A532-92D57100A5D2} 3: 02:\SOFTWARE\Microsoft\DevDiv\vc\Servicing\11.0\RuntimeMinimum\Install 
1: {CF2BEA3C-26EA-32F8-AA9B-331F7E34BA97} 2: {A63DF7CE-2595-33A2-8419-3A843C3BE9C8} 3: -1:\Software\Classes\Installer\Dependencies\Microsoft.VS.VC_RuntimeMinimum_amd64,v11\Version 
1: {CF2BEA3C-26EA-32F8-AA9B-331F7E34BA97} 2: {756F1972-D938-3D53-BA8C-0549AC0A174B} 3: -1:\Software\Classes\Installer\Dependencies\Microsoft.VS.VC_RuntimeMinimumVSU_amd64,v11\Version 
Action ended 4:15:50: ProcessComponents. Return value 1.
Action 4:15:50: UnpublishComponents. Unpublishing Qualified Components
Action start 4:15:50: UnpublishComponents.
Action ended 4:15:50: UnpublishComponents. Return value 1.
Action 4:15:50: MsiUnpublishAssemblies. Unpublishing assembly information
Action start 4:15:50: MsiUnpublishAssemblies.
Action ended 4:15:50: MsiUnpublishAssemblies. Return value 1.
Action 4:15:50: UnpublishFeatures. Unpublishing Product Features
Action start 4:15:50: UnpublishFeatures.
Action ended 4:15:50: UnpublishFeatures. Return value 1.
Action 4:15:50: StopServices. Stopping services
Action start 4:15:50: StopServices.
Action ended 4:15:50: StopServices. Return value 1.
Action 4:15:50: DeleteServices. Deleting services
Action start 4:15:50: DeleteServices.
Action ended 4:15:50: DeleteServices. Return value 1.
Action 4:15:50: SelfUnregModules. Unregistering modules
Action start 4:15:50: SelfUnregModules.
Action ended 4:15:50: SelfUnregModules. Return value 1.
Action 4:15:50: UnregisterTypeLibraries. Unregistering type libraries
Action start 4:15:50: UnregisterTypeLibraries.
Action ended 4:15:50: UnregisterTypeLibraries. Return value 1.
Action 4:15:50: RemoveODBC. Removing ODBC components
Action start 4:15:50: RemoveODBC.
Action ended 4:15:50: RemoveODBC. Return value 1.
Action 4:15:50: UnregisterFonts. Unregistering fonts
Action start 4:15:50: UnregisterFonts.
Action ended 4:15:50: UnregisterFonts. Return value 1.
Action 4:15:50: RemoveRegistryValues. Removing system registry values
Action start 4:15:50: RemoveRegistryValues.
Action ended 4:15:50: RemoveRegistryValues. Return value 1.
Action 4:15:50: UnregisterClassInfo. Unregister Class servers
Action start 4:15:50: UnregisterClassInfo.
Action ended 4:15:50: UnregisterClassInfo. Return value 1.
Action 4:15:50: UnregisterMIMEInfo. Unregistering MIME info
Action start 4:15:50: UnregisterMIMEInfo.
Action ended 4:15:50: UnregisterMIMEInfo. Return value 1.
Action 4:15:50: RemoveIniValues. Removing INI files entries
Action start 4:15:50: RemoveIniValues.
Action ended 4:15:50: RemoveIniValues. Return value 1.
Action 4:15:50: RemoveShortcuts. Removing shortcuts
Action start 4:15:50: RemoveShortcuts.
Action ended 4:15:50: RemoveShortcuts. Return value 1.
Action 4:15:50: RemoveEnvironmentStrings. Updating environment strings
Action start 4:15:50: RemoveEnvironmentStrings.
Action ended 4:15:50: RemoveEnvironmentStrings. Return value 1.
Action 4:15:50: RemoveDuplicateFiles. Removing duplicated files
Action start 4:15:50: RemoveDuplicateFiles.
Action ended 4:15:50: RemoveDuplicateFiles. Return value 1.
Action 4:15:50: RemoveFiles. Removing files
Action start 4:15:50: RemoveFiles.
File: atl110.dll, Directory: System64Folder_amd64_VC
File: msvcp110.dll, Directory: System64Folder_amd64_VC
File: msvcr110.dll, Directory: System64Folder_amd64_VC
File: vccorlib110.dll, Directory: System64Folder_amd64_VC
Action ended 4:15:50: RemoveFiles. Return value 1.
Action 4:15:50: RemoveFolders. Removing folders
Action start 4:15:50: RemoveFolders.
Action ended 4:15:50: RemoveFolders. Return value 1.
Action 4:15:50: CreateFolders. Creating folders
Action start 4:15:50: CreateFolders.
Action ended 4:15:50: CreateFolders. Return value 1.
Action 4:15:50: MoveFiles. Moving files
Action start 4:15:50: MoveFiles.
Action ended 4:15:50: MoveFiles. Return value 1.
Action 4:15:50: InstallFiles. Copying new files
Action start 4:15:50: InstallFiles.
File: atl110.dll,  Directory: System64Folder_amd64_VC,  Size: 192584
File: msvcp110.dll,  Directory: System64Folder_amd64_VC,  Size: 661456
File: msvcr110.dll,  Directory: System64Folder_amd64_VC,  Size: 849360
File: vccorlib110.dll,  Directory: System64Folder_amd64_VC,  Size: 354264
Action ended 4:15:50: InstallFiles. Return value 1.
Action 4:15:50: DuplicateFiles. Creating duplicate files
Action start 4:15:50: DuplicateFiles.
Action ended 4:15:50: DuplicateFiles. Return value 1.
Action 4:15:50: RegisterClassInfo. Registering Class servers
Action start 4:15:50: RegisterClassInfo.
Action ended 4:15:50: RegisterClassInfo. Return value 1.
Action 4:15:50: RegisterMIMEInfo. Registering MIME info
Action start 4:15:50: RegisterMIMEInfo.
Action ended 4:15:50: RegisterMIMEInfo. Return value 1.
Action 4:15:50: RegisterTypeLibraries. Registering type libraries
Action start 4:15:50: RegisterTypeLibraries.
Action ended 4:15:50: RegisterTypeLibraries. Return value 1.
Action 4:15:50: WriteRegistryValues. Writing system registry values
Action start 4:15:50: WriteRegistryValues.
Key: HKEY_LOCAL_MACHINE\SOFTWARE\Microsoft\VisualStudio\11.0\VC\Runtimes\x64, Name: Version, Value: v11.0.61030.00
Key: HKEY_LOCAL_MACHINE\SOFTWARE\Microsoft\DevDiv\vc\Servicing\11.0, Name: SP, Value: 
Key: HKEY_LOCAL_MACHINE\SOFTWARE\Microsoft\DevDiv\vc\Servicing\11.0\RuntimeMinimum, Name: Install, Value: 
Key: HKEY_LOCAL_MACHINE\Software\Classes\Installer\Dependencies\Microsoft.VS.VC_RuntimeMinimum_amd64,v11, Name: Version, Value: 11.0.61030
Key: HKEY_LOCAL_MACHINE\Software\Classes\Installer\Dependencies\Microsoft.VS.VC_RuntimeMinimumVSU_amd64,v11, Name: Version, Value: 11.0.61030
Key: HKEY_LOCAL_MACHINE\SOFTWARE\Microsoft\VisualStudio\11.0\VC\Runtimes\x64, Name: Installed, Value: 
Key: HKEY_LOCAL_MACHINE\SOFTWARE\Microsoft\VisualStudio\11.0\VC\Runtimes\x64, Name: Major, Value: 
Key: HKEY_LOCAL_MACHINE\SOFTWARE\Microsoft\VisualStudio\11.0\VC\Runtimes\x64, Name: Minor, Value: 
Key: HKEY_LOCAL_MACHINE\SOFTWARE\Microsoft\VisualStudio\11.0\VC\Runtimes\x64, Name: Bld, Value: 
Key: HKEY_LOCAL_MACHINE\SOFTWARE\Microsoft\VisualStudio\11.0\VC\Runtimes\x64, Name: Rbld, Value: 
Key: HKEY_LOCAL_MACHINE\SOFTWARE\Microsoft\DevDiv\vc\Servicing\11.0, Name: SPIndex, Value: 
Key: HKEY_LOCAL_MACHINE\SOFTWARE\Microsoft\DevDiv\vc\Servicing\11.0\RuntimeMinimum, Name: InstallerType, Value: MSI
Key: HKEY_LOCAL_MACHINE\SOFTWARE\Microsoft\DevDiv\vc\Servicing\11.0\RuntimeMinimum, Name: SP, Value: 
Key: HKEY_LOCAL_MACHINE\SOFTWARE\Microsoft\DevDiv\vc\Servicing\11.0\RuntimeMinimum, Name: SPIndex, Value: 
Key: HKEY_LOCAL_MACHINE\SOFTWARE\Microsoft\DevDiv\vc\Servicing\11.0\RuntimeMinimum, Name: SPName, Value: RTM
Key: HKEY_LOCAL_MACHINE\SOFTWARE\Microsoft\DevDiv\vc\Servicing\11.0\RuntimeMinimum, Name: Version, Value: 11.0.61030
Key: HKEY_LOCAL_MACHINE\SOFTWARE\Microsoft\DevDiv\vc\Servicing\11.0\RuntimeMinimum, Name: UpdateVersion, Value: 11.0.61030
Key: HKEY_LOCAL_MACHINE\Software\Classes\Installer\Dependencies\Microsoft.VS.VC_RuntimeMinimum_amd64,v11, Name: , Value: {CF2BEA3C-26EA-32F8-AA9B-331F7E34BA97}
Key: HKEY_LOCAL_MACHINE\Software\Classes\Installer\Dependencies\Microsoft.VS.VC_RuntimeMinimum_amd64,v11, Name: DisplayName, Value: Microsoft Visual C++ 2012 x64 Minimum Runtime - 11.0.61030
Key: HKEY_LOCAL_MACHINE\Software\Classes\Installer\Dependencies\Microsoft.VS.VC_RuntimeMinimumVSU_amd64,v11, Name: , Value: {CF2BEA3C-26EA-32F8-AA9B-331F7E34BA97}
Key: HKEY_LOCAL_MACHINE\Software\Classes\Installer\Dependencies\Microsoft.VS.VC_RuntimeMinimumVSU_amd64,v11, Name: DisplayName, Value: Microsoft Visual C++ 2012 x64 Minimum Runtime - 11.0.61030
Action ended 4:15:50: WriteRegistryValues. Return value 1.
Action 4:15:50: WriteIniValues. Writing INI files values
Action start 4:15:50: WriteIniValues.
Action ended 4:15:50: WriteIniValues. Return value 1.
Action 4:15:50: WriteEnvironmentStrings. Updating environment strings
Action start 4:15:50: WriteEnvironmentStrings.
Action ended 4:15:50: WriteEnvironmentStrings. Return value 1.
Action 4:15:50: RegisterFonts. Registering fonts
Action start 4:15:50: RegisterFonts.
Action ended 4:15:50: RegisterFonts. Return value 1.
Action 4:15:50: InstallODBC. Installing ODBC components
Action start 4:15:50: InstallODBC.
Action ended 4:15:50: InstallODBC. Return value 1.
Action 4:15:50: SelfRegModules. Registering modules
Action start 4:15:50: SelfRegModules.
Action ended 4:15:50: SelfRegModules. Return value 1.
Action 4:15:50: InstallServices. Installing new services
Action start 4:15:50: InstallServices.
Action ended 4:15:50: InstallServices. Return value 1.
Action 4:15:50: StartServices. Starting services
Action start 4:15:50: StartServices.
Action ended 4:15:50: StartServices. Return value 1.
Action 4:15:50: RegisterUser. Registering user
Action start 4:15:50: RegisterUser.
1:  
Action ended 4:15:50: RegisterUser. Return value 1.
Action 4:15:50: RegisterProduct. Registering product
Action start 4:15:50: RegisterProduct.
1: {CF2BEA3C-26EA-32F8-AA9B-331F7E34BA97} 
Action ended 4:15:50: RegisterProduct. Return value 1.
Action 4:15:50: PublishComponents. Publishing Qualified Components
Action start 4:15:50: PublishComponents.
Action ended 4:15:50: PublishComponents. Return value 1.
Action 4:15:50: MsiPublishAssemblies. Publishing assembly information
Action start 4:15:50: MsiPublishAssemblies.
Action ended 4:15:50: MsiPublishAssemblies. Return value 1.
Action 4:15:50: PublishFeatures. Publishing Product Features
Action start 4:15:50: PublishFeatures.
Feature: VC_Runtime_Minimum
Feature: Provider
Feature: Servicing_Key
Action ended 4:15:50: PublishFeatures. Return value 1.
Action 4:15:50: PublishProduct. Publishing product information
Action start 4:15:50: PublishProduct.
1: {CF2BEA3C-26EA-32F8-AA9B-331F7E34BA97} 
Action ended 4:15:50: PublishProduct. Return value 1.
Action 4:15:50: CreateShortcuts. Creating shortcuts
Action start 4:15:50: CreateShortcuts.
Action ended 4:15:50: CreateShortcuts. Return value 1.
Action ended 4:15:50: InstallFinalize. Return value 1.
Action 4:15:50: RemoveExistingProducts. Removing applications
Action start 4:15:50: RemoveExistingProducts.
Action ended 4:15:50: RemoveExistingProducts. Return value 1.
Action ended 4:15:50: INSTALL. Return value 1.
1: Microsoft Visual C++ 2012 x64 Minimum Runtime - 11.0.61030 2: {CF2BEA3C-26EA-32F8-AA9B-331F7E34BA97} 3: 1 
Property(S): DiskPrompt = 
Property(S): UpgradeCode = {EFA6AFA1-738E-3E00-8101-FD03B86B29D1}
Property(S): REDISTFOUNDVERLANG = #1
Property(S): REDISTFOUNDVER = #1
Property(S): TARGETDIR = C:\
Property(S): System64Folder_amd64_VC = C:\windows\system32\
Property(S): ProgramFilesFolder2_amd64.3643236F_FC70_11D3_A536_0090278A1BB8 = C:\Program Files\
Property(S): ProgramFilesFolder_amd64.3643236F_FC70_11D3_A536_0090278A1BB8 = C:\Program Files\
Property(S): CommonFilesFolder_amd64.3643236F_FC70_11D3_A536_0090278A1BB8 = C:\Program Files\Common Files\
Property(S): WindowsVolume_amd64.3643236F_FC70_11D3_A536_0090278A1BB8 = C:\
Property(S): WindowsFolder_amd64.3643236F_FC70_11D3_A536_0090278A1BB8 = C:\windows\
Property(S): SystemFolder_amd64.3643236F_FC70_11D3_A536_0090278A1BB8 = C:\windows\system32\
Property(S): System16Folder_amd64.3643236F_FC70_11D3_A536_0090278A1BB8 = C:\windows\system32\
Property(S): TempFolder_amd64.3643236F_FC70_11D3_A536_0090278A1BB8 = C:\users\gameplayer\Temp\
Property(S): StartMenuFolder_amd64.3643236F_FC70_11D3_A536_0090278A1BB8 = C:\users\gameplayer\AppData\Roaming\Microsoft\Windows\Start Menu\
Property(S): ProgramMenuFolder_amd64.3643236F_FC70_11D3_A536_0090278A1BB8 = C:\users\gameplayer\AppData\Roaming\Microsoft\Windows\Start Menu\Programs\
Property(S): CommonAppDataFolder_amd64.3643236F_FC70_11D3_A536_0090278A1BB8 = C:\ProgramData\
Property(S): AppDataFolder_amd64.3643236F_FC70_11D3_A536_0090278A1BB8 = C:\users\gameplayer\AppData\Roaming\
Property(S): DesktopFolder_amd64.3643236F_FC70_11D3_A536_0090278A1BB8 = C:\users\gameplayer\Desktop\
Property(S): AdminToolsFolder_amd64.3643236F_FC70_11D3_A536_0090278A1BB8 = C:\users\gameplayer\AppData\Roaming\Microsoft\Windows\Start Menu\Programs\Administrative Tools\
Property(S): System64Folder_amd64.3643236F_FC70_11D3_A536_0090278A1BB8 = C:\windows\system32\
Property(S): WindowsFolder_amd64_VC = C:\windows\
Property(S): SourceDir = C:\ProgramData\Package Cache\{CF2BEA3C-26EA-32F8-AA9B-331F7E34BA97}v11.0.61030\packages\vcRuntimeMinimum_amd64\
Property(S): VersionNT = 603
Property(S): ALLUSERS = 1
Property(S): ARPHELPLINK = http://go.microsoft.com/fwlink/?LinkId=133405
Property(S): ARPNOMODIFY = 1
Property(S): ARPURLUpdateInfo = http://go.microsoft.com/fwlink/?LinkId=133408
Property(S): ARPCOMMENTS = Caution. Removing this product might prevent some applications from running.
Property(S): comspec_cmd = %comspec%
Property(S): DDPatch = 0
Property(S): FeatureID = 1
Property(S): FILESINUSETEXT = The following applications should be closed before continuing the install:
Property(S): FXAssemblyVersion = 4.0.0.0
Property(S): FXAssemblyVersion35 = 3.5.0.0
Property(S): INSTALLLEVEL = 2
Property(S): LIMITUI = 1
Property(S): NullGUID = {00000000-0000-0000-0000-000000000000}
Property(S): PIDRegEntryName = ProductID
Property(S): PIDUserNameRegKey = SOFTWARE\Microsoft\VisualStudio\7.0\Registration
Property(S): PIDUserNameRegRoot = HKEY_LOCAL_MACHINE
Property(S): PrimaryDir = VS7.3643236F_FC70_11D3_A536_0090278A1BB8
Property(S): REBOOT = ReallySuppress
Property(S): REPAIR_REINSTALLMODE = pecmsu
Property(S): ReserveAdditionalCostVS7UI = 8388608
Property(S): RunCount = 49
Property(S): UpdateProp1 = 0
Property(S): UpdateProp2 = 0
Property(S): UpdateProp3 = 0
Property(S): UpdateProp4 = 0
Property(S): UpdateProp5 = 0
Property(S): UserNameRegEntryName = UserName
Property(S): ARPSYSTEMCOMPONENT = 1
Property(S): BuildType = ret
Property(S): URTVersion = v4.0.30319
Property(S): LocProductName = Microsoft Visual C++ 2012 x64 Runtime
Property(S): ProductCPU = amd64
Property(S): ProductEdition = Runtime
Property(S): ProductFamily = VC
Property(S): ProductImage = net
Property(S): RTM_ProductVersion = 11.0.61030
Property(S): ProductVersionHigh = 720896
Property(S): ProductVersionLow = 1999110144
Property(S): MsiLogging = voicewarmup
Property(S): Manufacturer = Microsoft Corporation
Property(S): ProductCode = {CF2BEA3C-26EA-32F8-AA9B-331F7E34BA97}
Property(S): ProductLanguage = 1033
Property(S): ProductName = Microsoft Visual C++ 2012 x64 Minimum Runtime - 11.0.61030
Property(S): ProductVersion = 11.0.61030
Property(S): DirectoryTable100_amd64 = DirectoryTable
Property(S): SecureCustomProperties = IE501FOUND.3643236F_FC70_11D3_A536_0090278A1BB8;IGNOREDEPENDENCIES;INSTALLBLOCKFOUND.3643236F_FC70_11D3_A536_0090278A1BB8;JSHFOUNDVER;NEWERVCRUNTIMEVERSIONDETECTED;OCMFOUNDVER;OCMFOUNDVERLANG;REDISTFOUNDVER;REDISTFOUNDVERLANG;UNINSTALLBLOCKFOUND.3643236F_FC70_11D3_A536_0090278A1BB8;UPGRADEVCRUNTIME
Property(S): WixPdbPath = f:\ddSetup\SD\1\wix\outs\amd64ret\enu\cooked\vc_RuntimeMinimum_net.wixpdb
Property(S): AdminUser = 1
Property(S): Privileged = 1
Property(S): MsiRunningElevated = 1
Property(S): CommonAppDataFolder = C:\ProgramData\
Property(S): FavoritesFolder = C:\users\gameplayer\Favorites\
Property(S): FontsFolder = C:\windows\Fonts\
Property(S): SendToFolder = C:\users\gameplayer\AppData\Roaming\Microsoft\Windows\SendTo\
Property(S): StartMenuFolder = C:\users\gameplayer\AppData\Roaming\Microsoft\Windows\Start Menu\
Property(S): StartupFolder = C:\users\gameplayer\AppData\Roaming\Microsoft\Windows\Start Menu\Programs\StartUp\
Property(S): TemplateFolder = C:\users\gameplayer\AppData\Roaming\Microsoft\Windows\Templates\
Property(S): DesktopFolder = C:\users\gameplayer\Desktop\
Property(S): ProgramMenuFolder = C:\users\gameplayer\AppData\Roaming\Microsoft\Windows\Start Menu\Programs\
Property(S): AdminToolsFolder = C:\users\gameplayer\AppData\Roaming\Microsoft\Windows\Start Menu\Programs\Administrative Tools\
Property(S): AppDataFolder = C:\users\gameplayer\AppData\Roaming\
Property(S): SystemFolder = C:\windows\syswow64\
Property(S): System16Folder = C:\windows\system32\
Property(S): LocalAppDataFolder = C:\users\gameplayer\AppData\Local\
Property(S): MyPicturesFolder = C:\users\gameplayer\Pictures\
Property(S): PersonalFolder = C:\users\gameplayer\Documents\
Property(S): WindowsFolder = C:\windows\
Property(S): PrintHoodFolder = C:\users\gameplayer\AppData\Roaming\Microsoft\Windows\Printer Shortcuts\
Property(S): NetHoodFolder = C:\users\gameplayer\AppData\Roaming\Microsoft\Windows\Network Shortcuts\
Property(S): RecentFolder = C:\users\gameplayer\AppData\Roaming\Microsoft\Windows\Recent\
Property(S): PhysicalMemory = 3771
Property(S): WindowsVolume = C:\
Property(S): TempFolder = C:\users\gameplayer\Temp\
Property(S): MsiNTProductType = 1
Property(S): WindowsBuild = 9600
Property(S): ServicePackLevel = 0
Property(S): VersionMsi = 4.5
Property(S): VersionDatabase = 400
Property(S): Intel = 6
Property(S): MsiAMD64 = 6
Property(S): Msix64 = 6
Property(S): VersionNT64 = 603
Property(S): System64Folder = C:\windows\system32\
Property(S): ProgramFiles64Folder = C:\Program Files\
Property(S): ProgramFilesFolder = C:\Program Files (x86)\
Property(S): CommonFiles64Folder = C:\Program Files\Common Files\
Property(S): CommonFilesFolder = C:\Program Files (x86)\Common Files\
Property(S): ScreenX = 1366
Property(S): ScreenY = 768
Property(S): ColorBits = 32
Property(S): UserSID = S-1-5-21-0-0-0-1000
Property(S): MsiNetAssemblySupport = 2.0.50727.4016
Property(S): UserLanguageID = 1033
Property(S): SystemLanguageID = 1033
Property(S): ProductState = -1
Property(S): LogonUser = gameplayer
Property(S): ComputerName = JAKUB
Property(S): UILevel = 2
Property(S): PackageCode = {5C1BCEFD-6479-404B-9035-A3EE75095F6A}
Property(S): DATABASE = C:\windows\Installer\752b.msi
Property(S): OriginalDatabase = C:\ProgramData\Package Cache\{CF2BEA3C-26EA-32F8-AA9B-331F7E34BA97}v11.0.61030\packages\vcRuntimeMinimum_amd64\vc_runtimeMinimum_x64.msi
Property(S): SOURCEDIR = C:\ProgramData\Package Cache\{CF2BEA3C-26EA-32F8-AA9B-331F7E34BA97}v11.0.61030\packages\vcRuntimeMinimum_amd64\
Property(S): MSIFASTINSTALL = 7
Property(S): NOVSUI = 1
Property(S): ACTION = INSTALL
Property(S): EXECUTEACTION = INSTALL
Property(S): CostingComplete = 1
Property(S): ROOTDRIVE = C:\
Property(S): OutOfDiskSpace = 0
Property(S): OutOfNoRbDiskSpace = 0
1: 2 2: 0 
1: 2 2: 1 
Action ended 4:15:50: INSTALL. Return value 1.
