1: 0 2: 1033 3: 1252 
=== Logging started: 1/25/2023  4:15:43 ===
Message type: 0, Argument: 1033
Message type: 1, Argument: Microsoft Visual C++ 2012 x86 Minimum Runtime - 11.0.61030
Action 4:15:43: INSTALL. 
Action start 4:15:43: INSTALL.
1: 0 2: 1033 3: 1252 
1: 0 2: 1033 3: 1252 
=== Logging started: 1/25/2023  4:15:43 ===
Message type: 0, Argument: 1033
Message type: 1, Argument: Microsoft Visual C++ 2012 x86 Minimum Runtime - 11.0.61030
Action 4:15:43: INSTALL. 
Action start 4:15:43: INSTALL.
1: Microsoft Visual C++ 2012 x86 Minimum Runtime - 11.0.61030 2: {BD95A8CD-1D9F-35AD-981A-3E7925026EBB} 
Action 4:15:43: FindRelatedProducts. Searching for related applications
Action start 4:15:43: FindRelatedProducts.
Action ended 4:15:43: FindRelatedProducts. Return value 1.
Action 4:15:43: LaunchConditions. Evaluating launch conditions
Action start 4:15:43: LaunchConditions.
Action ended 4:15:43: LaunchConditions. Return value 1.
Action 4:15:43: AppSearch. Searching for installed applications
Action start 4:15:43: AppSearch.
Property: REDISTFOUNDVERLANG, Signature: DetectRedistVerLangSignature
Property: REDISTFOUNDVER, Signature: DetectRedistVerSignature
Property: JSHFOUNDVER, Signature: DetectJSHVerSignature
Property: OCMFOUNDVER, Signature: DetectOCMRedistVerSignature
Property: OCMFOUNDVERLANG, Signature: DetectOCMRedistVerLangSignature
Action ended 4:15:43: AppSearch. Return value 1.
Action 4:15:43: ValidateProductID. 
Action start 4:15:43: ValidateProductID.
Action ended 4:15:43: ValidateProductID. Return value 1.
Action 4:15:43: CA_AdminToolsFolder_x86.3643236F_FC70_11D3_A536_0090278A1BB8. 
Action start 4:15:43: CA_AdminToolsFolder_x86.3643236F_FC70_11D3_A536_0090278A1BB8.
Action ended 4:15:43: CA_AdminToolsFolder_x86.3643236F_FC70_11D3_A536_0090278A1BB8. Return value 1.
Action 4:15:43: CA_AppDataFolder_x86.3643236F_FC70_11D3_A536_0090278A1BB8. 
Action start 4:15:43: CA_AppDataFolder_x86.3643236F_FC70_11D3_A536_0090278A1BB8.
Action ended 4:15:43: CA_AppDataFolder_x86.3643236F_FC70_11D3_A536_0090278A1BB8. Return value 1.
Action 4:15:43: CA_CommonAppDataFolder_x86.3643236F_FC70_11D3_A536_0090278A1BB8. 
Action start 4:15:43: CA_CommonAppDataFolder_x86.3643236F_FC70_11D3_A536_0090278A1BB8.
Action ended 4:15:43: CA_CommonAppDataFolder_x86.3643236F_FC70_11D3_A536_0090278A1BB8. Return value 1.
Action 4:15:43: CA_CommonFilesFolder_x86.3643236F_FC70_11D3_A536_0090278A1BB8. 
Action start 4:15:43: CA_CommonFilesFolder_x86.3643236F_FC70_11D3_A536_0090278A1BB8.
Action ended 4:15:43: CA_CommonFilesFolder_x86.3643236F_FC70_11D3_A536_0090278A1BB8. Return value 1.
Action 4:15:43: CA_DesktopFolder_x86.3643236F_FC70_11D3_A536_0090278A1BB8. 
Action start 4:15:43: CA_DesktopFolder_x86.3643236F_FC70_11D3_A536_0090278A1BB8.
Action ended 4:15:43: CA_DesktopFolder_x86.3643236F_FC70_11D3_A536_0090278A1BB8. Return value 1.
Action 4:15:43: CA_ProgramFilesFolder_x86.3643236F_FC70_11D3_A536_0090278A1BB8. 
Action start 4:15:43: CA_ProgramFilesFolder_x86.3643236F_FC70_11D3_A536_0090278A1BB8.
Action ended 4:15:43: CA_ProgramFilesFolder_x86.3643236F_FC70_11D3_A536_0090278A1BB8. Return value 1.
Action 4:15:43: CA_ProgramFilesFolder2_x86.3643236F_FC70_11D3_A536_0090278A1BB8. 
Action start 4:15:43: CA_ProgramFilesFolder2_x86.3643236F_FC70_11D3_A536_0090278A1BB8.
Action ended 4:15:43: CA_ProgramFilesFolder2_x86.3643236F_FC70_11D3_A536_0090278A1BB8. Return value 1.
Action 4:15:43: CA_ProgramMenuFolder_x86.3643236F_FC70_11D3_A536_0090278A1BB8. 
Action start 4:15:43: CA_ProgramMenuFolder_x86.3643236F_FC70_11D3_A536_0090278A1BB8.
Action ended 4:15:43: CA_ProgramMenuFolder_x86.3643236F_FC70_11D3_A536_0090278A1BB8. Return value 1.
Action 4:15:43: CA_StartMenuFolder_x86.3643236F_FC70_11D3_A536_0090278A1BB8. 
Action start 4:15:43: CA_StartMenuFolder_x86.3643236F_FC70_11D3_A536_0090278A1BB8.
Action ended 4:15:43: CA_StartMenuFolder_x86.3643236F_FC70_11D3_A536_0090278A1BB8. Return value 1.
Action 4:15:43: CA_System16Folder_x86.3643236F_FC70_11D3_A536_0090278A1BB8. 
Action start 4:15:43: CA_System16Folder_x86.3643236F_FC70_11D3_A536_0090278A1BB8.
Action ended 4:15:43: CA_System16Folder_x86.3643236F_FC70_11D3_A536_0090278A1BB8. Return value 1.
Action 4:15:43: CA_System64Folder_x86.3643236F_FC70_11D3_A536_0090278A1BB8. 
Action start 4:15:43: CA_System64Folder_x86.3643236F_FC70_11D3_A536_0090278A1BB8.
Action ended 4:15:43: CA_System64Folder_x86.3643236F_FC70_11D3_A536_0090278A1BB8. Return value 1.
Action 4:15:43: CA_SystemFolder_x86.3643236F_FC70_11D3_A536_0090278A1BB8. 
Action start 4:15:43: CA_SystemFolder_x86.3643236F_FC70_11D3_A536_0090278A1BB8.
Action ended 4:15:43: CA_SystemFolder_x86.3643236F_FC70_11D3_A536_0090278A1BB8. Return value 1.
Action 4:15:43: CA_SystemFolder_x86_VC. 
Action start 4:15:43: CA_SystemFolder_x86_VC.
Action ended 4:15:43: CA_SystemFolder_x86_VC. Return value 1.
Action 4:15:43: CA_TempFolder_x86.3643236F_FC70_11D3_A536_0090278A1BB8. 
Action start 4:15:43: CA_TempFolder_x86.3643236F_FC70_11D3_A536_0090278A1BB8.
Action ended 4:15:43: CA_TempFolder_x86.3643236F_FC70_11D3_A536_0090278A1BB8. Return value 1.
Action 4:15:43: CA_WindowsFolder_x86.3643236F_FC70_11D3_A536_0090278A1BB8. 
Action start 4:15:43: CA_WindowsFolder_x86.3643236F_FC70_11D3_A536_0090278A1BB8.
Action ended 4:15:43: CA_WindowsFolder_x86.3643236F_FC70_11D3_A536_0090278A1BB8. Return value 1.
Action 4:15:43: CA_WindowsFolder_x86_VC. 
Action start 4:15:43: CA_WindowsFolder_x86_VC.
Action ended 4:15:43: CA_WindowsFolder_x86_VC. Return value 1.
Action 4:15:43: CA_WindowsVolume_x86.3643236F_FC70_11D3_A536_0090278A1BB8. 
Action start 4:15:43: CA_WindowsVolume_x86.3643236F_FC70_11D3_A536_0090278A1BB8.
Action ended 4:15:43: CA_WindowsVolume_x86.3643236F_FC70_11D3_A536_0090278A1BB8. Return value 1.
Action 4:15:43: CostInitialize. Computing space requirements
Action start 4:15:43: CostInitialize.
Action ended 4:15:43: CostInitialize. Return value 1.
Action 4:15:43: FileCost. Computing space requirements
Action start 4:15:43: FileCost.
Action ended 4:15:43: FileCost. Return value 1.
Action 4:15:43: CostFinalize. Computing space requirements
Action start 4:15:43: CostFinalize.
Action ended 4:15:43: CostFinalize. Return value 1.
Action 4:15:43: SetODBCFolders. Initializing ODBC directories
Action start 4:15:43: SetODBCFolders.
Action ended 4:15:43: SetODBCFolders. Return value 1.
Action 4:15:43: InstallValidate. Validating install
Action start 4:15:43: InstallValidate.
Action ended 4:15:43: InstallValidate. Return value 1.
Action 4:15:43: InstallInitialize. 
Action start 4:15:43: InstallInitialize.
Action ended 4:15:43: InstallInitialize. Return value 1.
Action 4:15:43: AllocateRegistrySpace. Allocating registry space
Action start 4:15:43: AllocateRegistrySpace.
Free space: 0
Action ended 4:15:43: AllocateRegistrySpace. Return value 1.
Action 4:15:43: ProcessComponents. Updating component registration
Action start 4:15:43: ProcessComponents.
Action ended 4:15:43: ProcessComponents. Return value 1.
Action 4:15:43: UnpublishComponents. Unpublishing Qualified Components
Action start 4:15:43: UnpublishComponents.
Action ended 4:15:43: UnpublishComponents. Return value 1.
Action 4:15:43: MsiUnpublishAssemblies. Unpublishing assembly information
Action start 4:15:43: MsiUnpublishAssemblies.
Action ended 4:15:43: MsiUnpublishAssemblies. Return value 1.
Action 4:15:43: UnpublishFeatures. Unpublishing Product Features
Action start 4:15:43: UnpublishFeatures.
Action ended 4:15:43: UnpublishFeatures. Return value 1.
Action 4:15:43: StopServices. Stopping services
Action start 4:15:43: StopServices.
Action ended 4:15:43: StopServices. Return value 1.
Action 4:15:43: DeleteServices. Deleting services
Action start 4:15:43: DeleteServices.
Action ended 4:15:43: DeleteServices. Return value 1.
Action 4:15:43: UnregisterComPlus. Unregistering COM+ Applications and Components
Action start 4:15:43: UnregisterComPlus.
Action ended 4:15:43: UnregisterComPlus. Return value 1.
Action 4:15:43: SelfUnregModules. Unregistering modules
Action start 4:15:43: SelfUnregModules.
Action ended 4:15:43: SelfUnregModules. Return value 1.
Action 4:15:43: UnregisterTypeLibraries. Unregistering type libraries
Action start 4:15:43: UnregisterTypeLibraries.
Action ended 4:15:43: UnregisterTypeLibraries. Return value 1.
Action 4:15:43: RemoveODBC. Removing ODBC components
Action start 4:15:43: RemoveODBC.
Action ended 4:15:43: RemoveODBC. Return value 1.
Action 4:15:43: UnregisterFonts. Unregistering fonts
Action start 4:15:43: UnregisterFonts.
Action ended 4:15:43: UnregisterFonts. Return value 1.
Action 4:15:43: RemoveRegistryValues. Removing system registry values
Action start 4:15:43: RemoveRegistryValues.
Action ended 4:15:43: RemoveRegistryValues. Return value 1.
Action 4:15:43: UnregisterClassInfo. Unregister Class servers
Action start 4:15:43: UnregisterClassInfo.
Action ended 4:15:43: UnregisterClassInfo. Return value 1.
Action 4:15:43: UnregisterMIMEInfo. Unregistering MIME info
Action start 4:15:43: UnregisterMIMEInfo.
Action ended 4:15:43: UnregisterMIMEInfo. Return value 1.
Action 4:15:43: RemoveIniValues. Removing INI files entries
Action start 4:15:43: RemoveIniValues.
Action ended 4:15:43: RemoveIniValues. Return value 1.
Action 4:15:43: RemoveShortcuts. Removing shortcuts
Action start 4:15:43: RemoveShortcuts.
Action ended 4:15:43: RemoveShortcuts. Return value 1.
Action 4:15:43: RemoveEnvironmentStrings. Updating environment strings
Action start 4:15:43: RemoveEnvironmentStrings.
Action ended 4:15:43: RemoveEnvironmentStrings. Return value 1.
Action 4:15:43: RemoveDuplicateFiles. Removing duplicated files
Action start 4:15:43: RemoveDuplicateFiles.
Action ended 4:15:43: RemoveDuplicateFiles. Return value 1.
Action 4:15:43: RemoveFiles. Removing files
Action start 4:15:43: RemoveFiles.
Action ended 4:15:43: RemoveFiles. Return value 1.
Action 4:15:43: RemoveFolders. Removing folders
Action start 4:15:43: RemoveFolders.
Action ended 4:15:43: RemoveFolders. Return value 1.
Action 4:15:43: CreateFolders. Creating folders
Action start 4:15:43: CreateFolders.
Action ended 4:15:43: CreateFolders. Return value 1.
Action 4:15:43: MoveFiles. Moving files
Action start 4:15:43: MoveFiles.
Action ended 4:15:43: MoveFiles. Return value 1.
Action 4:15:43: InstallFiles. Copying new files
Action start 4:15:43: InstallFiles.
Action ended 4:15:43: InstallFiles. Return value 1.
Action 4:15:43: DuplicateFiles. Creating duplicate files
Action start 4:15:43: DuplicateFiles.
Action ended 4:15:43: DuplicateFiles. Return value 1.
Action 4:15:43: BindImage. Binding executables
Action start 4:15:43: BindImage.
Action ended 4:15:43: BindImage. Return value 1.
Action 4:15:43: RegisterClassInfo. Registering Class servers
Action start 4:15:43: RegisterClassInfo.
Action ended 4:15:43: RegisterClassInfo. Return value 1.
Action 4:15:43: RegisterMIMEInfo. Registering MIME info
Action start 4:15:43: RegisterMIMEInfo.
Action ended 4:15:43: RegisterMIMEInfo. Return value 1.
Action 4:15:43: RegisterTypeLibraries. Registering type libraries
Action start 4:15:43: RegisterTypeLibraries.
Action ended 4:15:43: RegisterTypeLibraries. Return value 1.
Action 4:15:43: WriteRegistryValues. Writing system registry values
Action start 4:15:43: WriteRegistryValues.
Action ended 4:15:43: WriteRegistryValues. Return value 1.
Action 4:15:43: WriteIniValues. Writing INI files values
Action start 4:15:43: WriteIniValues.
Action ended 4:15:43: WriteIniValues. Return value 1.
Action 4:15:43: WriteEnvironmentStrings. Updating environment strings
Action start 4:15:43: WriteEnvironmentStrings.
Action ended 4:15:43: WriteEnvironmentStrings. Return value 1.
Action 4:15:43: RegisterFonts. Registering fonts
Action start 4:15:43: RegisterFonts.
Action ended 4:15:43: RegisterFonts. Return value 1.
Action 4:15:43: InstallODBC. Installing ODBC components
Action start 4:15:43: InstallODBC.
Action ended 4:15:43: InstallODBC. Return value 1.
Action 4:15:43: SelfRegModules. Registering modules
Action start 4:15:43: SelfRegModules.
Action ended 4:15:43: SelfRegModules. Return value 1.
Action 4:15:43: RegisterComPlus. Registering COM+ Applications and Components
Action start 4:15:43: RegisterComPlus.
Action ended 4:15:43: RegisterComPlus. Return value 1.
Action 4:15:43: InstallServices. Installing new services
Action start 4:15:43: InstallServices.
Action ended 4:15:43: InstallServices. Return value 1.
Action 4:15:43: StartServices. Starting services
Action start 4:15:43: StartServices.
Action ended 4:15:43: StartServices. Return value 1.
Action 4:15:43: RegisterUser. Registering user
Action start 4:15:43: RegisterUser.
Action ended 4:15:43: RegisterUser. Return value 1.
Action 4:15:43: RegisterProduct. Registering product
Action start 4:15:43: RegisterProduct.
Action ended 4:15:43: RegisterProduct. Return value 1.
Action 4:15:43: PublishComponents. Publishing Qualified Components
Action start 4:15:43: PublishComponents.
Action ended 4:15:43: PublishComponents. Return value 1.
Action 4:15:43: MsiPublishAssemblies. Publishing assembly information
Action start 4:15:43: MsiPublishAssemblies.
Action ended 4:15:43: MsiPublishAssemblies. Return value 1.
Action 4:15:43: PublishFeatures. Publishing Product Features
Action start 4:15:43: PublishFeatures.
Action ended 4:15:43: PublishFeatures. Return value 1.
Action 4:15:43: PublishProduct. Publishing product information
Action start 4:15:43: PublishProduct.
Action ended 4:15:43: PublishProduct. Return value 1.
Action 4:15:43: CreateShortcuts. Creating shortcuts
Action start 4:15:43: CreateShortcuts.
Action ended 4:15:43: CreateShortcuts. Return value 1.
Action 4:15:43: InstallFinalize. 
Action start 4:15:43: InstallFinalize.
Action 4:15:43: ProcessComponents. Updating component registration
Action start 4:15:43: ProcessComponents.
1: {BD95A8CD-1D9F-35AD-981A-3E7925026EBB} 2: {D9309A28-1C7E-3A00-8536-AB83E08048D1} 3: 02:\SOFTWARE\Microsoft\VisualStudio\11.0\VC\Runtimes\x86\Version 
1: {BD95A8CD-1D9F-35AD-981A-3E7925026EBB} 2: {DDE261C6-A53D-45E5-8EFB-3F300CB58E68} 3: C:\windows\syswow64\atl110.dll 
1: {BD95A8CD-1D9F-35AD-981A-3E7925026EBB} 2: {F5CBD6DC-5C9C-430E-83A7-179BA49988CD} 3: C:\windows\syswow64\msvcr110.dll 
1: {BD95A8CD-1D9F-35AD-981A-3E7925026EBB} 2: {0E7F74F7-0943-4AFE-AA5D-5DAE3B49A19F} 3: C:\windows\syswow64\msvcp110.dll 
1: {BD95A8CD-1D9F-35AD-981A-3E7925026EBB} 2: {1981D1A7-C996-4E04-957B-58FB178962C6} 3: C:\windows\syswow64\vccorlib110.dll 
1: {BD95A8CD-1D9F-35AD-981A-3E7925026EBB} 2: {1B51072A-A9C7-3743-A4C6-99CB801D0216} 3: 02:\SOFTWARE\Microsoft\DevDiv\vc\Servicing\11.0\SP 
1: {BD95A8CD-1D9F-35AD-981A-3E7925026EBB} 2: {87D2C4BF-935F-302E-B7DC-96DCFA915338} 3: 02:\SOFTWARE\Microsoft\DevDiv\vc\Servicing\11.0\RuntimeMinimum\Install 
1: {BD95A8CD-1D9F-35AD-981A-3E7925026EBB} 2: {AD674F9F-1CCF-3188-9E62-F85C19C5A8EE} 3: -1:\Software\Classes\Installer\Dependencies\Microsoft.VS.VC_RuntimeMinimum_x86,v11\Version 
1: {BD95A8CD-1D9F-35AD-981A-3E7925026EBB} 2: {18E3B629-D6B8-3B26-BF24-C22259F9648E} 3: -1:\Software\Classes\Installer\Dependencies\Microsoft.VS.VC_RuntimeMinimumVSU_x86,v11\Version 
Action ended 4:15:43: ProcessComponents. Return value 1.
Action 4:15:43: UnpublishComponents. Unpublishing Qualified Components
Action start 4:15:43: UnpublishComponents.
Action ended 4:15:43: UnpublishComponents. Return value 1.
Action 4:15:43: MsiUnpublishAssemblies. Unpublishing assembly information
Action start 4:15:43: MsiUnpublishAssemblies.
Action ended 4:15:43: MsiUnpublishAssemblies. Return value 1.
Action 4:15:43: UnpublishFeatures. Unpublishing Product Features
Action start 4:15:43: UnpublishFeatures.
Action ended 4:15:43: UnpublishFeatures. Return value 1.
Action 4:15:43: StopServices. Stopping services
Action start 4:15:43: StopServices.
Action ended 4:15:43: StopServices. Return value 1.
Action 4:15:43: DeleteServices. Deleting services
Action start 4:15:43: DeleteServices.
Action ended 4:15:43: DeleteServices. Return value 1.
Action 4:15:43: SelfUnregModules. Unregistering modules
Action start 4:15:43: SelfUnregModules.
Action ended 4:15:43: SelfUnregModules. Return value 1.
Action 4:15:43: UnregisterTypeLibraries. Unregistering type libraries
Action start 4:15:43: UnregisterTypeLibraries.
Action ended 4:15:43: UnregisterTypeLibraries. Return value 1.
Action 4:15:43: RemoveODBC. Removing ODBC components
Action start 4:15:43: RemoveODBC.
Action ended 4:15:43: RemoveODBC. Return value 1.
Action 4:15:43: UnregisterFonts. Unregistering fonts
Action start 4:15:43: UnregisterFonts.
Action ended 4:15:43: UnregisterFonts. Return value 1.
Action 4:15:43: RemoveRegistryValues. Removing system registry values
Action start 4:15:43: RemoveRegistryValues.
Action ended 4:15:43: RemoveRegistryValues. Return value 1.
Action 4:15:43: UnregisterClassInfo. Unregister Class servers
Action start 4:15:43: UnregisterClassInfo.
Action ended 4:15:43: UnregisterClassInfo. Return value 1.
Action 4:15:43: UnregisterMIMEInfo. Unregistering MIME info
Action start 4:15:43: UnregisterMIMEInfo.
Action ended 4:15:43: UnregisterMIMEInfo. Return value 1.
Action 4:15:43: RemoveIniValues. Removing INI files entries
Action start 4:15:43: RemoveIniValues.
Action ended 4:15:43: RemoveIniValues. Return value 1.
Action 4:15:43: RemoveShortcuts. Removing shortcuts
Action start 4:15:43: RemoveShortcuts.
Action ended 4:15:43: RemoveShortcuts. Return value 1.
Action 4:15:43: RemoveEnvironmentStrings. Updating environment strings
Action start 4:15:43: RemoveEnvironmentStrings.
Action ended 4:15:43: RemoveEnvironmentStrings. Return value 1.
Action 4:15:43: RemoveDuplicateFiles. Removing duplicated files
Action start 4:15:43: RemoveDuplicateFiles.
Action ended 4:15:43: RemoveDuplicateFiles. Return value 1.
Action 4:15:43: RemoveFiles. Removing files
Action start 4:15:43: RemoveFiles.
File: atl110.dll, Directory: SystemFolder_x86_VC
File: msvcp110.dll, Directory: SystemFolder_x86_VC
File: msvcr110.dll, Directory: SystemFolder_x86_VC
File: vccorlib110.dll, Directory: SystemFolder_x86_VC
Action ended 4:15:43: RemoveFiles. Return value 1.
Action 4:15:43: RemoveFolders. Removing folders
Action start 4:15:43: RemoveFolders.
Action ended 4:15:43: RemoveFolders. Return value 1.
Action 4:15:43: CreateFolders. Creating folders
Action start 4:15:43: CreateFolders.
Action ended 4:15:43: CreateFolders. Return value 1.
Action 4:15:43: MoveFiles. Moving files
Action start 4:15:43: MoveFiles.
Action ended 4:15:43: MoveFiles. Return value 1.
Action 4:15:43: InstallFiles. Copying new files
Action start 4:15:43: InstallFiles.
File: atl110.dll,  Directory: SystemFolder_x86_VC,  Size: 164424
File: msvcp110.dll,  Directory: SystemFolder_x86_VC,  Size: 535008
File: msvcr110.dll,  Directory: SystemFolder_x86_VC,  Size: 875472
File: vccorlib110.dll,  Directory: SystemFolder_x86_VC,  Size: 252400
Action ended 4:15:43: InstallFiles. Return value 1.
Action 4:15:43: DuplicateFiles. Creating duplicate files
Action start 4:15:43: DuplicateFiles.
Action ended 4:15:43: DuplicateFiles. Return value 1.
Action 4:15:43: RegisterClassInfo. Registering Class servers
Action start 4:15:43: RegisterClassInfo.
Action ended 4:15:43: RegisterClassInfo. Return value 1.
Action 4:15:43: RegisterMIMEInfo. Registering MIME info
Action start 4:15:43: RegisterMIMEInfo.
Action ended 4:15:43: RegisterMIMEInfo. Return value 1.
Action 4:15:43: RegisterTypeLibraries. Registering type libraries
Action start 4:15:43: RegisterTypeLibraries.
Action ended 4:15:43: RegisterTypeLibraries. Return value 1.
Action 4:15:43: WriteRegistryValues. Writing system registry values
Action start 4:15:43: WriteRegistryValues.
Key: HKEY_LOCAL_MACHINE\SOFTWARE\Microsoft\VisualStudio\11.0\VC\Runtimes\x86, Name: Version, Value: v11.0.61030.00
Key: HKEY_LOCAL_MACHINE\SOFTWARE\Microsoft\DevDiv\vc\Servicing\11.0, Name: SP, Value: 
Key: HKEY_LOCAL_MACHINE\SOFTWARE\Microsoft\DevDiv\vc\Servicing\11.0\RuntimeMinimum, Name: Install, Value: 
Key: HKEY_LOCAL_MACHINE\Software\Classes\Installer\Dependencies\Microsoft.VS.VC_RuntimeMinimum_x86,v11, Name: Version, Value: 11.0.61030
Key: HKEY_LOCAL_MACHINE\Software\Classes\Installer\Dependencies\Microsoft.VS.VC_RuntimeMinimumVSU_x86,v11, Name: Version, Value: 11.0.61030
Key: HKEY_LOCAL_MACHINE\SOFTWARE\Microsoft\VisualStudio\11.0\VC\Runtimes\x86, Name: Installed, Value: 
Key: HKEY_LOCAL_MACHINE\SOFTWARE\Microsoft\VisualStudio\11.0\VC\Runtimes\x86, Name: Major, Value: 
Key: HKEY_LOCAL_MACHINE\SOFTWARE\Microsoft\VisualStudio\11.0\VC\Runtimes\x86, Name: Minor, Value: 
Key: HKEY_LOCAL_MACHINE\SOFTWARE\Microsoft\VisualStudio\11.0\VC\Runtimes\x86, Name: Bld, Value: 
Key: HKEY_LOCAL_MACHINE\SOFTWARE\Microsoft\VisualStudio\11.0\VC\Runtimes\x86, Name: Rbld, Value: 
Key: HKEY_LOCAL_MACHINE\SOFTWARE\Microsoft\DevDiv\vc\Servicing\11.0, Name: SPIndex, Value: 
Key: HKEY_LOCAL_MACHINE\SOFTWARE\Microsoft\DevDiv\vc\Servicing\11.0\RuntimeMinimum, Name: InstallerType, Value: MSI
Key: HKEY_LOCAL_MACHINE\SOFTWARE\Microsoft\DevDiv\vc\Servicing\11.0\RuntimeMinimum, Name: SP, Value: 
Key: HKEY_LOCAL_MACHINE\SOFTWARE\Microsoft\DevDiv\vc\Servicing\11.0\RuntimeMinimum, Name: SPIndex, Value: 
Key: HKEY_LOCAL_MACHINE\SOFTWARE\Microsoft\DevDiv\vc\Servicing\11.0\RuntimeMinimum, Name: SPName, Value: RTM
Key: HKEY_LOCAL_MACHINE\SOFTWARE\Microsoft\DevDiv\vc\Servicing\11.0\RuntimeMinimum, Name: Version, Value: 11.0.61030
Key: HKEY_LOCAL_MACHINE\SOFTWARE\Microsoft\DevDiv\vc\Servicing\11.0\RuntimeMinimum, Name: UpdateVersion, Value: 11.0.61030
Key: HKEY_LOCAL_MACHINE\Software\Classes\Installer\Dependencies\Microsoft.VS.VC_RuntimeMinimum_x86,v11, Name: , Value: {BD95A8CD-1D9F-35AD-981A-3E7925026EBB}
Key: HKEY_LOCAL_MACHINE\Software\Classes\Installer\Dependencies\Microsoft.VS.VC_RuntimeMinimum_x86,v11, Name: DisplayName, Value: Microsoft Visual C++ 2012 x86 Minimum Runtime - 11.0.61030
Key: HKEY_LOCAL_MACHINE\Software\Classes\Installer\Dependencies\Microsoft.VS.VC_RuntimeMinimumVSU_x86,v11, Name: , Value: {BD95A8CD-1D9F-35AD-981A-3E7925026EBB}
Key: HKEY_LOCAL_MACHINE\Software\Classes\Installer\Dependencies\Microsoft.VS.VC_RuntimeMinimumVSU_x86,v11, Name: DisplayName, Value: Microsoft Visual C++ 2012 x86 Minimum Runtime - 11.0.61030
Action ended 4:15:43: WriteRegistryValues. Return value 1.
Action 4:15:43: WriteIniValues. Writing INI files values
Action start 4:15:43: WriteIniValues.
Action ended 4:15:43: WriteIniValues. Return value 1.
Action 4:15:43: WriteEnvironmentStrings. Updating environment strings
Action start 4:15:43: WriteEnvironmentStrings.
Action ended 4:15:43: WriteEnvironmentStrings. Return value 1.
Action 4:15:43: RegisterFonts. Registering fonts
Action start 4:15:43: RegisterFonts.
Action ended 4:15:43: RegisterFonts. Return value 1.
Action 4:15:43: InstallODBC. Installing ODBC components
Action start 4:15:43: InstallODBC.
Action ended 4:15:43: InstallODBC. Return value 1.
Action 4:15:43: SelfRegModules. Registering modules
Action start 4:15:43: SelfRegModules.
Action ended 4:15:43: SelfRegModules. Return value 1.
Action 4:15:43: InstallServices. Installing new services
Action start 4:15:43: InstallServices.
Action ended 4:15:43: InstallServices. Return value 1.
Action 4:15:43: StartServices. Starting services
Action start 4:15:43: StartServices.
Action ended 4:15:43: StartServices. Return value 1.
Action 4:15:43: RegisterUser. Registering user
Action start 4:15:43: RegisterUser.
1:  
Action ended 4:15:43: RegisterUser. Return value 1.
Action 4:15:43: RegisterProduct. Registering product
Action start 4:15:43: RegisterProduct.
1: {BD95A8CD-1D9F-35AD-981A-3E7925026EBB} 
Action ended 4:15:43: RegisterProduct. Return value 1.
Action 4:15:43: PublishComponents. Publishing Qualified Components
Action start 4:15:43: PublishComponents.
Action ended 4:15:43: PublishComponents. Return value 1.
Action 4:15:43: MsiPublishAssemblies. Publishing assembly information
Action start 4:15:43: MsiPublishAssemblies.
Action ended 4:15:43: MsiPublishAssemblies. Return value 1.
Action 4:15:43: PublishFeatures. Publishing Product Features
Action start 4:15:43: PublishFeatures.
Feature: VC_Runtime_Minimum
Feature: Provider
Feature: Servicing_Key
Action ended 4:15:43: PublishFeatures. Return value 1.
Action 4:15:43: PublishProduct. Publishing product information
Action start 4:15:43: PublishProduct.
1: {BD95A8CD-1D9F-35AD-981A-3E7925026EBB} 
Action ended 4:15:43: PublishProduct. Return value 1.
Action 4:15:43: CreateShortcuts. Creating shortcuts
Action start 4:15:43: CreateShortcuts.
Action ended 4:15:43: CreateShortcuts. Return value 1.
Action ended 4:15:43: InstallFinalize. Return value 1.
Action 4:15:43: RemoveExistingProducts. Removing applications
Action start 4:15:43: RemoveExistingProducts.
Action ended 4:15:43: RemoveExistingProducts. Return value 1.
Action ended 4:15:43: INSTALL. Return value 1.
1: Microsoft Visual C++ 2012 x86 Minimum Runtime - 11.0.61030 2: {BD95A8CD-1D9F-35AD-981A-3E7925026EBB} 3: 1 
Property(S): DiskPrompt = 
Property(S): UpgradeCode = {4121ED58-4BD9-3E7B-A8B5-9F8BAAE045B7}
Property(S): REDISTFOUNDVERLANG = #1
Property(S): REDISTFOUNDVER = #1
Property(S): TARGETDIR = C:\
Property(S): SystemFolder_x86_VC = C:\windows\syswow64\
Property(S): ProgramFilesFolder2_x86.3643236F_FC70_11D3_A536_0090278A1BB8 = C:\Program Files (x86)\
Property(S): ProgramFilesFolder_x86.3643236F_FC70_11D3_A536_0090278A1BB8 = C:\Program Files (x86)\
Property(S): CommonFilesFolder_x86.3643236F_FC70_11D3_A536_0090278A1BB8 = C:\Program Files (x86)\Common Files\
Property(S): WindowsVolume_x86.3643236F_FC70_11D3_A536_0090278A1BB8 = C:\
Property(S): WindowsFolder_x86.3643236F_FC70_11D3_A536_0090278A1BB8 = C:\windows\
Property(S): SystemFolder_x86.3643236F_FC70_11D3_A536_0090278A1BB8 = C:\windows\syswow64\
Property(S): System16Folder_x86.3643236F_FC70_11D3_A536_0090278A1BB8 = C:\windows\system32\
Property(S): TempFolder_x86.3643236F_FC70_11D3_A536_0090278A1BB8 = C:\users\gameplayer\Temp\
Property(S): StartMenuFolder_x86.3643236F_FC70_11D3_A536_0090278A1BB8 = C:\users\gameplayer\AppData\Roaming\Microsoft\Windows\Start Menu\
Property(S): ProgramMenuFolder_x86.3643236F_FC70_11D3_A536_0090278A1BB8 = C:\users\gameplayer\AppData\Roaming\Microsoft\Windows\Start Menu\Programs\
Property(S): CommonAppDataFolder_x86.3643236F_FC70_11D3_A536_0090278A1BB8 = C:\ProgramData\
Property(S): AppDataFolder_x86.3643236F_FC70_11D3_A536_0090278A1BB8 = C:\users\gameplayer\AppData\Roaming\
Property(S): DesktopFolder_x86.3643236F_FC70_11D3_A536_0090278A1BB8 = C:\users\gameplayer\Desktop\
Property(S): AdminToolsFolder_x86.3643236F_FC70_11D3_A536_0090278A1BB8 = C:\users\gameplayer\AppData\Roaming\Microsoft\Windows\Start Menu\Programs\Administrative Tools\
Property(S): System64Folder_x86.3643236F_FC70_11D3_A536_0090278A1BB8 = C:\windows\system32\
Property(S): WindowsFolder_x86_VC = C:\windows\
Property(S): SourceDir = C:\ProgramData\Package Cache\{BD95A8CD-1D9F-35AD-981A-3E7925026EBB}v11.0.61030\packages\vcRuntimeMinimum_x86\
Property(S): VersionNT = 603
Property(S): ALLUSERS = 1
Property(S): ARPHELPLINK = http://go.microsoft.com/fwlink/?LinkId=133405
Property(S): ARPNOMODIFY = 1
Property(S): ARPURLUpdateInfo = http://go.microsoft.com/fwlink/?LinkId=133408
Property(S): ARPCOMMENTS = Caution. Removing this product might prevent some applications from running.
Property(S): comspec_cmd = %comspec%
Property(S): DDPatch = 0
Property(S): FeatureID = 1
Property(S): FILESINUSETEXT = The following applications should be closed before continuing the install:
Property(S): FXAssemblyVersion = 4.0.0.0
Property(S): FXAssemblyVersion35 = 3.5.0.0
Property(S): INSTALLLEVEL = 2
Property(S): LIMITUI = 1
Property(S): NullGUID = {00000000-0000-0000-0000-000000000000}
Property(S): PIDRegEntryName = ProductID
Property(S): PIDUserNameRegKey = SOFTWARE\Microsoft\VisualStudio\7.0\Registration
Property(S): PIDUserNameRegRoot = HKEY_LOCAL_MACHINE
Property(S): PrimaryDir = VS7.3643236F_FC70_11D3_A536_0090278A1BB8
Property(S): REBOOT = ReallySuppress
Property(S): REPAIR_REINSTALLMODE = pecmsu
Property(S): ReserveAdditionalCostVS7UI = 8388608
Property(S): RunCount = 49
Property(S): UpdateProp1 = 0
Property(S): UpdateProp2 = 0
Property(S): UpdateProp3 = 0
Property(S): UpdateProp4 = 0
Property(S): UpdateProp5 = 0
Property(S): UserNameRegEntryName = UserName
Property(S): ARPSYSTEMCOMPONENT = 1
Property(S): BuildType = ret
Property(S): URTVersion = v4.0.30319
Property(S): LocProductName = Microsoft Visual C++ 2012 x86 Runtime
Property(S): ProductCPU = x86
Property(S): ProductEdition = Runtime
Property(S): ProductFamily = VC
Property(S): ProductImage = net
Property(S): RTM_ProductVersion = 11.0.61030
Property(S): ProductVersionHigh = 720896
Property(S): ProductVersionLow = 1999110144
Property(S): MsiLogging = voicewarmup
Property(S): Manufacturer = Microsoft Corporation
Property(S): ProductCode = {BD95A8CD-1D9F-35AD-981A-3E7925026EBB}
Property(S): ProductLanguage = 1033
Property(S): ProductName = Microsoft Visual C++ 2012 x86 Minimum Runtime - 11.0.61030
Property(S): ProductVersion = 11.0.61030
Property(S): DirectoryTable100_x86 = DirectoryTable
Property(S): SecureCustomProperties = IE501FOUND.3643236F_FC70_11D3_A536_0090278A1BB8;IGNOREDEPENDENCIES;INSTALLBLOCKFOUND.3643236F_FC70_11D3_A536_0090278A1BB8;JSHFOUNDVER;NEWERVCRUNTIMEVERSIONDETECTED;OCMFOUNDVER;OCMFOUNDVERLANG;REDISTFOUNDVER;REDISTFOUNDVERLANG;UNINSTALLBLOCKFOUND.3643236F_FC70_11D3_A536_0090278A1BB8;UPGRADEVCRUNTIME
Property(S): WixPdbPath = f:\ddSetup\SD\1\wix\outs\x86ret\enu\cooked\vc_RuntimeMinimum_net.wixpdb
Property(S): AdminUser = 1
Property(S): Privileged = 1
Property(S): MsiRunningElevated = 1
Property(S): CommonAppDataFolder = C:\ProgramData\
Property(S): FavoritesFolder = C:\users\gameplayer\Favorites\
Property(S): FontsFolder = C:\windows\Fonts\
Property(S): SendToFolder = C:\users\gameplayer\AppData\Roaming\Microsoft\Windows\SendTo\
Property(S): StartMenuFolder = C:\users\gameplayer\AppData\Roaming\Microsoft\Windows\Start Menu\
Property(S): StartupFolder = C:\users\gameplayer\AppData\Roaming\Microsoft\Windows\Start Menu\Programs\StartUp\
Property(S): TemplateFolder = C:\users\gameplayer\AppData\Roaming\Microsoft\Windows\Templates\
Property(S): DesktopFolder = C:\users\gameplayer\Desktop\
Property(S): ProgramMenuFolder = C:\users\gameplayer\AppData\Roaming\Microsoft\Windows\Start Menu\Programs\
Property(S): AdminToolsFolder = C:\users\gameplayer\AppData\Roaming\Microsoft\Windows\Start Menu\Programs\Administrative Tools\
Property(S): AppDataFolder = C:\users\gameplayer\AppData\Roaming\
Property(S): SystemFolder = C:\windows\syswow64\
Property(S): System16Folder = C:\windows\system32\
Property(S): LocalAppDataFolder = C:\users\gameplayer\AppData\Local\
Property(S): MyPicturesFolder = C:\users\gameplayer\Pictures\
Property(S): PersonalFolder = C:\users\gameplayer\Documents\
Property(S): WindowsFolder = C:\windows\
Property(S): PrintHoodFolder = C:\users\gameplayer\AppData\Roaming\Microsoft\Windows\Printer Shortcuts\
Property(S): NetHoodFolder = C:\users\gameplayer\AppData\Roaming\Microsoft\Windows\Network Shortcuts\
Property(S): RecentFolder = C:\users\gameplayer\AppData\Roaming\Microsoft\Windows\Recent\
Property(S): PhysicalMemory = 3771
Property(S): WindowsVolume = C:\
Property(S): TempFolder = C:\users\gameplayer\Temp\
Property(S): MsiNTProductType = 1
Property(S): WindowsBuild = 9600
Property(S): ServicePackLevel = 0
Property(S): VersionMsi = 4.5
Property(S): VersionDatabase = 400
Property(S): Intel = 6
Property(S): MsiAMD64 = 6
Property(S): Msix64 = 6
Property(S): VersionNT64 = 603
Property(S): System64Folder = C:\windows\system32\
Property(S): ProgramFiles64Folder = C:\Program Files\
Property(S): ProgramFilesFolder = C:\Program Files (x86)\
Property(S): CommonFiles64Folder = C:\Program Files\Common Files\
Property(S): CommonFilesFolder = C:\Program Files (x86)\Common Files\
Property(S): ScreenX = 1366
Property(S): ScreenY = 768
Property(S): ColorBits = 32
Property(S): UserSID = S-1-5-21-0-0-0-1000
Property(S): MsiNetAssemblySupport = 2.0.50727.4016
Property(S): UserLanguageID = 1033
Property(S): SystemLanguageID = 1033
Property(S): ProductState = -1
Property(S): LogonUser = gameplayer
Property(S): ComputerName = JAKUB
Property(S): UILevel = 2
Property(S): PackageCode = {13B38BE3-59B9-463F-B577-B3FE71A3AD3A}
Property(S): DATABASE = C:\windows\Installer\5a2b.msi
Property(S): OriginalDatabase = C:\ProgramData\Package Cache\{BD95A8CD-1D9F-35AD-981A-3E7925026EBB}v11.0.61030\packages\vcRuntimeMinimum_x86\vc_runtimeMinimum_x86.msi
Property(S): SOURCEDIR = C:\ProgramData\Package Cache\{BD95A8CD-1D9F-35AD-981A-3E7925026EBB}v11.0.61030\packages\vcRuntimeMinimum_x86\
Property(S): MSIFASTINSTALL = 7
Property(S): NOVSUI = 1
Property(S): ACTION = INSTALL
Property(S): EXECUTEACTION = INSTALL
Property(S): CostingComplete = 1
Property(S): ROOTDRIVE = C:\
Property(S): OutOfDiskSpace = 0
Property(S): OutOfNoRbDiskSpace = 0
1: 2 2: 0 
1: 2 2: 1 
Action ended 4:15:43: INSTALL. Return value 1.
