SessionID=92205e4d-4742-4cd1-a27b-94d1ff033921.1674660356173 Timestamp=2023-01-25T16:25:56:173+0100 ThreadID=268 Component=ngl-lib_NglAppLib Description="-------- Initializing session logs --------"
SessionID=92205e4d-4742-4cd1-a27b-94d1ff033921.1674660356173 Timestamp=2023-01-25T16:25:56:177+0100 ThreadID=268 Component=ngl-lib_kOperatingConfig Description="GetRuntimeDetails: No operating configs found"
SessionID=92205e4d-4742-4cd1-a27b-94d1ff033921.1674660356173 Timestamp=2023-01-25T16:25:56:177+0100 ThreadID=268 Component=ngl-lib_kOperatingConfig Description="GetRuntimeDetails: Fallback to NAMED_USER_ONLINE!!"
SessionID=92205e4d-4742-4cd1-a27b-94d1ff033921.1674660356173 Timestamp=2023-01-25T16:25:56:177+0100 ThreadID=268 Component=ngl-lib_kOperatingConfig Description="Deserialize: No Operating Config file, default init"
SessionID=92205e4d-4742-4cd1-a27b-94d1ff033921.1674660356173 Timestamp=2023-01-25T16:25:56:177+0100 ThreadID=268 Component=ngl-lib_NglAppLib Description="SetConfig: OS Name=WINDOWS_64, OS Version=10.0.18362.1"
SessionID=92205e4d-4742-4cd1-a27b-94d1ff033921.1674660356173 Timestamp=2023-01-25T16:25:56:178+0100 ThreadID=268 Component=ngl-lib_NglAppLib Description="SetConfig: NGLLibVersion=1.22.0.3, Environment=5, Runtimemode=NAMED_USER_ONLINE, NpdID="
SessionID=92205e4d-4742-4cd1-a27b-94d1ff033921.1674660356173 Timestamp=2023-01-25T16:25:56:178+0100 ThreadID=268 Component=ngl-lib_NglAppLib Description="SetConfig: ClientID=ngl_photoshop1, AppID=Photoshop1, AppVersion=22.1.1"
SessionID=92205e4d-4742-4cd1-a27b-94d1ff033921.1674660356173 Timestamp=2023-01-25T16:25:56:178+0100 ThreadID=268 Component=ngl-lib_NglAppLib Description="SetConfig: Isotropic0"
SessionID=92205e4d-4742-4cd1-a27b-94d1ff033921.1674660356173 Timestamp=2023-01-25T16:25:56:179+0100 ThreadID=268 Component=ngl-lib_NglController Description="NglController: constructor invoked in 5 license mode"
SessionID=92205e4d-4742-4cd1-a27b-94d1ff033921.1674660356173 Timestamp=2023-01-25T16:25:56:188+0100 ThreadID=352 Component=ngl-lib_UserPrincipalDao Description="GetUserPrincipal failed in GetUserProfile"
SessionID=92205e4d-4742-4cd1-a27b-94d1ff033921.1674660356173 Timestamp=2023-01-25T16:25:56:188+0100 ThreadID=352 Component=ngl-lib_NUSecureProfileFetcher ErrorID=PrincipalMgrOperationStatus:6 Description="ValidateAndGetCachedSP : Failed to fetch principal"
SessionID=92205e4d-4742-4cd1-a27b-94d1ff033921.1674660356173 Timestamp=2023-01-25T16:25:56:189+0100 ThreadID=352 Component=ngl-lib_NglAppLib ErrorID=218 Description="GetCachedNglProfile Status: Data Not Found : Principal"
SessionID=92205e4d-4742-4cd1-a27b-94d1ff033921.1674660356173 Timestamp=2023-01-25T16:25:56:190+0100 ThreadID=352 Component=ngl-lib_UserPrincipalDao Description="GetUserPrincipal failed in GetUserProfile"
SessionID=92205e4d-4742-4cd1-a27b-94d1ff033921.1674660356173 Timestamp=2023-01-25T16:25:56:191+0100 ThreadID=352 Component=ngl-lib_NUSecureProfileFetcher ErrorID=PrincipalMgrOperationStatus:6 Description="ValidateAndGetPrefetchedSP : Failed to fetch principal"
SessionID=92205e4d-4742-4cd1-a27b-94d1ff033921.1674660356173 Timestamp=2023-01-25T16:25:56:192+0100 ThreadID=352 Component=ngl-lib_NglAppLib ErrorID=218 Description="GetPrefetchedNglProfile Status: Data Not Found : Principal"
SessionID=92205e4d-4742-4cd1-a27b-94d1ff033921.1674660356173 Timestamp=2023-01-25T16:25:56:288+0100 ThreadID=268 Component=ngl-lib_NglController Description="InitializeProfileUpdates: invoked and running in headed mode"
SessionID=92205e4d-4742-4cd1-a27b-94d1ff033921.1674660356173 Timestamp=2023-01-25T16:25:56:288+0100 ThreadID=268 Component=ngl-lib_NglController Description="ExecuteRequest: request id: 1 api: 0 data?: no workflow?: no"
SessionID=92205e4d-4742-4cd1-a27b-94d1ff033921.1674660356173 Timestamp=2023-01-25T16:25:56:288+0100 ThreadID=268 Component=ngl-lib_NglController Description="ExecuteRequest: request id: 2 api: 0 data?: no workflow?: no"
SessionID=92205e4d-4742-4cd1-a27b-94d1ff033921.1674660356173 Timestamp=2023-01-25T16:25:56:289+0100 ThreadID=268 Component=ngl-lib_NglController Description="InitializeProfileUpdates: Initial internal status = 0"
SessionID=92205e4d-4742-4cd1-a27b-94d1ff033921.1674660356173 Timestamp=2023-01-25T16:25:56:289+0100 ThreadID=268 Component=ngl-lib_NglController Description="LogCurrentUser: CachedNotValidated UserID=0"
SessionID=92205e4d-4742-4cd1-a27b-94d1ff033921.1674660356173 Timestamp=2023-01-25T16:25:56:289+0100 ThreadID=268 Component=ngl-lib_NglController Description="GetAMTData: invoked"
SessionID=92205e4d-4742-4cd1-a27b-94d1ff033921.1674660356173 Timestamp=2023-01-25T16:25:56:289+0100 ThreadID=268 Component=ngl-lib_NglController Description="GetIntersectionOfLocalesList: invoked with Passed locales list as en_US"
SessionID=92205e4d-4742-4cd1-a27b-94d1ff033921.1674660356173 Timestamp=2023-01-25T16:25:56:289+0100 ThreadID=268 Component=ngl-lib_NglController Description="GetIntersectionOfLocalesList: Reordered locales list is identical to passed locales as no installed locales were found."
SessionID=92205e4d-4742-4cd1-a27b-94d1ff033921.1674660356173 Timestamp=2023-01-25T16:25:56:290+0100 ThreadID=268 Component=ngl-lib_NglController Description="InitializeWorkflows: invoked"
SessionID=92205e4d-4742-4cd1-a27b-94d1ff033921.1674660356173 Timestamp=2023-01-25T16:25:56:290+0100 ThreadID=268 Component=ngl-lib_NglAppLib Description="SetAppRuntimeConfig: AppLocale=en_US"
SessionID=92205e4d-4742-4cd1-a27b-94d1ff033921.1674660356173 Timestamp=2023-01-25T16:25:56:302+0100 ThreadID=268 Component=ngl-lib_NglController Description="GetNglMenuItems: invoked"
SessionID=92205e4d-4742-4cd1-a27b-94d1ff033921.1674660356173 Timestamp=2023-01-25T16:25:56:305+0100 ThreadID=360 Component=ngl-lib_NglController Description="InitialProfileTimer: app is licensed"
SessionID=92205e4d-4742-4cd1-a27b-94d1ff033921.1674660356173 Timestamp=2023-01-25T16:25:56:306+0100 ThreadID=356 Component=ngl-lib_UserPrincipalDao Description="GetUserPrincipal failed in GetUserProfile"
SessionID=92205e4d-4742-4cd1-a27b-94d1ff033921.1674660356173 Timestamp=2023-01-25T16:25:56:307+0100 ThreadID=356 Component=ngl-lib_NUSecureProfileFetcher Description="operator () : Routed to Unauthenticated call to get SUSI (principal not found)"
SessionID=92205e4d-4742-4cd1-a27b-94d1ff033921.1674660356173 Timestamp=2023-01-25T16:25:56:307+0100 ThreadID=356 Component=ngl-lib_NUSecureProfileDao Description="GetSecureProfile : ASNP and prefetched ASNP not found"
SessionID=92205e4d-4742-4cd1-a27b-94d1ff033921.1674660356173 Timestamp=2023-01-25T16:25:56:308+0100 ThreadID=356 Component=ngl-lib_UserPrincipalDao Description="GetUserPrincipal failed in GetUserProfile"
SessionID=92205e4d-4742-4cd1-a27b-94d1ff033921.1674660356173 Timestamp=2023-01-25T16:25:56:308+0100 ThreadID=356 Component=ngl-lib_UserPrincipalDao Description="GetUserPrincipal failed in GetUserProfile"
SessionID=92205e4d-4742-4cd1-a27b-94d1ff033921.1674660356173 Timestamp=2023-01-25T16:25:56:309+0100 ThreadID=356 Component=ngl-lib_COPWebAPIConnector Description="Fetching Information for User : Req-Id-b2e5e811-9f57-45ca-9a35-895676d09fa5"
SessionID=92205e4d-4742-4cd1-a27b-94d1ff033921.1674660356173 Timestamp=2023-01-25T16:25:56:310+0100 ThreadID=356 Component=ngl-lib_HttpRestConnectorForPost Description="SendHttpRequestSync: Post Request about to start"
SessionID=92205e4d-4742-4cd1-a27b-94d1ff033921.1674660356173 Timestamp=2023-01-25T16:25:56:311+0100 ThreadID=356 Component=ngl-lib_HttpRequest Description="SendHttpRequestSyncInternal detected Windows version >= 8.1, using auto proxy settings"
SessionID=92205e4d-4742-4cd1-a27b-94d1ff033921.1674660356173 Timestamp=2023-01-25T16:25:56:311+0100 ThreadID=356 Component=ngl-lib_HttpRequest Description="SendHttpRequestSyncInternal: Calling endpoint https://lcs-cops.adobe.io/asnp/nud/jwt/v4"
SessionID=92205e4d-4742-4cd1-a27b-94d1ff033921.1674660356173 Timestamp=2023-01-25T16:25:57:617+0100 ThreadID=356 Component=ngl-lib_HttpRequest Description="SendHttpRequestSyncInternal: Received response with status 200"
SessionID=92205e4d-4742-4cd1-a27b-94d1ff033921.1674660356173 Timestamp=2023-01-25T16:25:57:617+0100 ThreadID=356 Component=ngl-lib_HttpRestConnectorForPost Description="SendHttpRequestSync: Post Request complete"
SessionID=92205e4d-4742-4cd1-a27b-94d1ff033921.1674660356173 Timestamp=2023-01-25T16:25:57:620+0100 ThreadID=356 Component=ngl-lib_CertificateStorage Description="GetFromUserCertStore failed in finding certificate context in store"
SessionID=92205e4d-4742-4cd1-a27b-94d1ff033921.1674660356173 Timestamp=2023-01-25T16:25:57:620+0100 ThreadID=356 Component=ngl-lib_COPWebAPIConnector Description="Fetching Certificates : Req-Id-ad1baf7a-a12b-4653-99f2-67de5aae4dc2"
SessionID=92205e4d-4742-4cd1-a27b-94d1ff033921.1674660356173 Timestamp=2023-01-25T16:25:57:621+0100 ThreadID=356 Component=ngl-lib_HttpRestConnectorForGet Description="SendHttpRequestSync: Get Request about to start"
SessionID=92205e4d-4742-4cd1-a27b-94d1ff033921.1674660356173 Timestamp=2023-01-25T16:25:57:621+0100 ThreadID=356 Component=ngl-lib_HttpRequest Description="SendHttpRequestSyncInternal detected Windows version >= 8.1, using auto proxy settings"
SessionID=92205e4d-4742-4cd1-a27b-94d1ff033921.1674660356173 Timestamp=2023-01-25T16:25:57:621+0100 ThreadID=356 Component=ngl-lib_HttpRequest Description="SendHttpRequestSyncInternal: Calling endpoint https://resources.licenses.adobe.com/certs/v2/CMjAxODA3MjAwMQ/NkZDM0E3NTgzM0NEQ0M4M0I5NkY2RDYzRUZERjhCMUQ.der"
SessionID=92205e4d-4742-4cd1-a27b-94d1ff033921.1674660356173 Timestamp=2023-01-25T16:25:58:005+0100 ThreadID=356 Component=ngl-lib_HttpRequest Description="SendHttpRequestSyncInternal: Received response with status 200"
SessionID=92205e4d-4742-4cd1-a27b-94d1ff033921.1674660356173 Timestamp=2023-01-25T16:25:58:005+0100 ThreadID=356 Component=ngl-lib_HttpRestConnectorForGet Description="SendHttpRequestSync: Get Request complete"
SessionID=92205e4d-4742-4cd1-a27b-94d1ff033921.1674660356173 Timestamp=2023-01-25T16:25:58:006+0100 ThreadID=356 Component=ngl-lib_CertificateStorage Description="GetFromUserCertStore failed in finding certificate context in store"
SessionID=92205e4d-4742-4cd1-a27b-94d1ff033921.1674660356173 Timestamp=2023-01-25T16:25:58:007+0100 ThreadID=356 Component=ngl-lib_COPWebAPIConnector Description="Fetching Certificates : Req-Id-4cb35225-ba94-47c6-8066-7ec90dc57b16"
SessionID=92205e4d-4742-4cd1-a27b-94d1ff033921.1674660356173 Timestamp=2023-01-25T16:25:58:007+0100 ThreadID=356 Component=ngl-lib_HttpRestConnectorForGet Description="SendHttpRequestSync: Get Request about to start"
SessionID=92205e4d-4742-4cd1-a27b-94d1ff033921.1674660356173 Timestamp=2023-01-25T16:25:58:007+0100 ThreadID=356 Component=ngl-lib_HttpRequest Description="SendHttpRequestSyncInternal detected Windows version >= 8.1, using auto proxy settings"
SessionID=92205e4d-4742-4cd1-a27b-94d1ff033921.1674660356173 Timestamp=2023-01-25T16:25:58:007+0100 ThreadID=356 Component=ngl-lib_HttpRequest Description="SendHttpRequestSyncInternal: Calling endpoint https://resources.licenses.adobe.com/certs/v2/IMjAxODA3MjAwMQ/QkYyOEUxMEVGQzE5NDNDM0NFNTJFQTkxQzc0NTczM0I.der"
SessionID=92205e4d-4742-4cd1-a27b-94d1ff033921.1674660356173 Timestamp=2023-01-25T16:25:58:078+0100 ThreadID=356 Component=ngl-lib_HttpRequest Description="SendHttpRequestSyncInternal: Received response with status 200"
SessionID=92205e4d-4742-4cd1-a27b-94d1ff033921.1674660356173 Timestamp=2023-01-25T16:25:58:079+0100 ThreadID=356 Component=ngl-lib_HttpRestConnectorForGet Description="SendHttpRequestSync: Get Request complete"
SessionID=92205e4d-4742-4cd1-a27b-94d1ff033921.1674660356173 Timestamp=2023-01-25T16:25:58:083+0100 ThreadID=356 Component=ngl-lib_CertificateStorage Description="GetFromUserCertStore failed in finding certificate context in store"
SessionID=92205e4d-4742-4cd1-a27b-94d1ff033921.1674660356173 Timestamp=2023-01-25T16:25:58:084+0100 ThreadID=356 Component=ngl-lib_COPWebAPIConnector Description="Fetching Certificates : Req-Id-7789efc7-266d-4203-abdc-319110196063"
SessionID=92205e4d-4742-4cd1-a27b-94d1ff033921.1674660356173 Timestamp=2023-01-25T16:25:58:084+0100 ThreadID=356 Component=ngl-lib_HttpRestConnectorForGet Description="SendHttpRequestSync: Get Request about to start"
SessionID=92205e4d-4742-4cd1-a27b-94d1ff033921.1674660356173 Timestamp=2023-01-25T16:25:58:085+0100 ThreadID=356 Component=ngl-lib_HttpRequest Description="SendHttpRequestSyncInternal detected Windows version >= 8.1, using auto proxy settings"
SessionID=92205e4d-4742-4cd1-a27b-94d1ff033921.1674660356173 Timestamp=2023-01-25T16:25:58:085+0100 ThreadID=356 Component=ngl-lib_HttpRequest Description="SendHttpRequestSyncInternal: Calling endpoint https://resources.licenses.adobe.com/certs/v2/CMjAxODA3MjAwMQ/QUIyRjhEOTg3ODcxNUJEOUQ2NDE2MkE3OTRDRTc5QzY.der"
SessionID=92205e4d-4742-4cd1-a27b-94d1ff033921.1674660356173 Timestamp=2023-01-25T16:25:58:146+0100 ThreadID=356 Component=ngl-lib_HttpRequest Description="SendHttpRequestSyncInternal: Received response with status 200"
SessionID=92205e4d-4742-4cd1-a27b-94d1ff033921.1674660356173 Timestamp=2023-01-25T16:25:58:147+0100 ThreadID=356 Component=ngl-lib_HttpRestConnectorForGet Description="SendHttpRequestSync: Get Request complete"
SessionID=92205e4d-4742-4cd1-a27b-94d1ff033921.1674660356173 Timestamp=2023-01-25T16:25:58:149+0100 ThreadID=356 Component=ngl-lib_CertificateStorage Description="GetFromUserCertStore failed in finding certificate context in store"
SessionID=92205e4d-4742-4cd1-a27b-94d1ff033921.1674660356173 Timestamp=2023-01-25T16:25:58:150+0100 ThreadID=356 Component=ngl-lib_COPWebAPIConnector Description="Fetching Certificates : Req-Id-9fa6d89b-c87e-4015-99ef-c0830af7d326"
SessionID=92205e4d-4742-4cd1-a27b-94d1ff033921.1674660356173 Timestamp=2023-01-25T16:25:58:151+0100 ThreadID=356 Component=ngl-lib_HttpRestConnectorForGet Description="SendHttpRequestSync: Get Request about to start"
SessionID=92205e4d-4742-4cd1-a27b-94d1ff033921.1674660356173 Timestamp=2023-01-25T16:25:58:151+0100 ThreadID=356 Component=ngl-lib_HttpRequest Description="SendHttpRequestSyncInternal detected Windows version >= 8.1, using auto proxy settings"
SessionID=92205e4d-4742-4cd1-a27b-94d1ff033921.1674660356173 Timestamp=2023-01-25T16:25:58:151+0100 ThreadID=356 Component=ngl-lib_HttpRequest Description="SendHttpRequestSyncInternal: Calling endpoint https://resources.licenses.adobe.com/certs/v2/IMjAxODA3MjAwMQ/QTk4OEU0QjEyRkUyMjYwRTVBQjc3RERGOTFFRjg1OTQ.der"
SessionID=92205e4d-4742-4cd1-a27b-94d1ff033921.1674660356173 Timestamp=2023-01-25T16:25:59:617+0100 ThreadID=356 Component=ngl-lib_HttpRequest Description="SendHttpRequestSyncInternal: Received response with status 200"
SessionID=92205e4d-4742-4cd1-a27b-94d1ff033921.1674660356173 Timestamp=2023-01-25T16:25:59:617+0100 ThreadID=356 Component=ngl-lib_HttpRestConnectorForGet Description="SendHttpRequestSync: Get Request complete"
SessionID=92205e4d-4742-4cd1-a27b-94d1ff033921.1674660356173 Timestamp=2023-01-25T16:25:59:625+0100 ThreadID=356 Component=ngl-lib_SPVerifier Description="IsValidSignedProfile: Signature verification success"
SessionID=92205e4d-4742-4cd1-a27b-94d1ff033921.1674660356173 Timestamp=2023-01-25T16:25:59:637+0100 ThreadID=356 Component=ngl-lib_InMemoryStorage Description="SetASNP  Setting onLocalSignout as it does have a valid value, before - 10 , now - 0"
SessionID=92205e4d-4742-4cd1-a27b-94d1ff033921.1674660356173 Timestamp=2023-01-25T16:25:59:643+0100 ThreadID=356 Component=ngl-lib_DataStorage Description="DeleteFromUserStorage error data not found in storage."
SessionID=92205e4d-4742-4cd1-a27b-94d1ff033921.1674660356173 Timestamp=2023-01-25T16:25:59:644+0100 ThreadID=356 Component=ngl-lib_DataStorage Description="DeleteFromUserStorage error data not found in storage."
SessionID=92205e4d-4742-4cd1-a27b-94d1ff033921.1674660356173 Timestamp=2023-01-25T16:25:59:645+0100 ThreadID=356 Component=ngl-lib_NglAppLib Description="GetLatestNglProfile Status: Success"
SessionID=92205e4d-4742-4cd1-a27b-94d1ff033921.1674660356173 Timestamp=2023-01-25T16:25:59:645+0100 ThreadID=356 Component=ngl-lib_NglController Description="ProcessV2Profile: request id: 2 api: 0 call-status: 0 profile-status: 0 sequence: initial workflow?: yes spinner?: no"
SessionID=92205e4d-4742-4cd1-a27b-94d1ff033921.1674660356173 Timestamp=2023-01-25T16:25:59:645+0100 ThreadID=356 Component=ngl-lib_NglController Description="HandleV2Response: Handle NUL response (request 2 type 0 status 0 sequence initial)"
SessionID=92205e4d-4742-4cd1-a27b-94d1ff033921.1674660356173 Timestamp=2023-01-25T16:25:59:646+0100 ThreadID=356 Component=ngl-lib_NglController Description="NotifyData: request id: 2 api: 0"
SessionID=92205e4d-4742-4cd1-a27b-94d1ff033921.1674660356173 Timestamp=2023-01-25T16:25:59:646+0100 ThreadID=356 Component=ngl-lib_NglController Description="NotifyWorkflowBeforeData: Ignore notifying a workflow since its a headless app, instead NotifyProfileData"
SessionID=92205e4d-4742-4cd1-a27b-94d1ff033921.1674660356173 Timestamp=2023-01-25T16:25:59:646+0100 ThreadID=356 Component=ngl-lib_NglController Description="DisableProfileRefresh: invoked"
SessionID=92205e4d-4742-4cd1-a27b-94d1ff033921.1674660356173 Timestamp=2023-01-25T16:25:59:646+0100 ThreadID=356 Component=ngl-lib_NglController Description="ProcessV2Profile: handler succeeded (latest profile status 0)"
