śro, 25 sty 2023, 14:36:33 CET : ================| script executed |================
śro, 25 sty 2023, 14:36:33 CET : package[1;36m wine[0m is installed...
śro, 25 sty 2023, 14:36:33 CET : package[1;36m md5sum[0m is installed...
śro, 25 sty 2023, 14:36:33 CET : create[0;36m /home/gameplayer/.illustratorCC17/prefix[0m directory...
śro, 25 sty 2023, 14:36:33 CET : wine variables exported...
śro, 25 sty 2023, 14:39:17 CET : prefix configured...
śro, 25 sty 2023, 14:39:32 CET : set dark mode for wine...
śro, 25 sty 2023, 14:39:32 CET : create[0;36m /home/gameplayer/.illustratorCC17/resources[0m directory...
śro, 25 sty 2023, 14:39:35 CET : downloading illustratorCC17.tgz ...
śro, 25 sty 2023, 14:39:36 CET : using aria2c to download illustratorCC17.tgz
śro, 25 sty 2023, 14:46:39 CET : [1;36millustratorCC17.tgz[0m detected
śro, 25 sty 2023, 14:46:39 CET : extract IllustratorCC...
śro, 25 sty 2023, 14:46:39 CET : create[0;36m /home/gameplayer/.illustratorCC17/IllustratorCC17[0m directory...
śro, 25 sty 2023, 14:48:55 CET : install Illustrator...
śro, 25 sty 2023, 14:48:55 CET : IllustratorCC v17 x64 installed...
śro, 25 sty 2023, 14:49:01 CET : deleting resources folder
śro, 25 sty 2023, 14:49:10 CET : create[0;36m /home/gameplayer/.illustratorCC17/launcher[0m directory...
śro, 25 sty 2023, 14:49:10 CET : launcher.sh detected...
śro, 25 sty 2023, 14:49:21 CET : desktop entry detected...
śro, 25 sty 2023, 14:49:21 CET : create illustrator command...
śro, 25 sty 2023, 14:49:32 CET : Almost finished...
